{"C:\\Users\\Velolime\\Desktop\\N-8-DDD\\src\\enums\\ECamps.ts": {"path":"C:\\Users\\Velolime\\Desktop\\N-8-DDD\\src\\enums\\ECamps.ts","statementMap":{"0":{"start":{"line":1,"column":0},"end":{"line":1,"column":null}},"1":{"start":{"line":2,"column":4},"end":{"line":2,"column":null}},"2":{"start":{"line":3,"column":4},"end":{"line":3,"column":null}},"3":{"start":{"line":4,"column":4},"end":{"line":4,"column":null}},"4":{"start":{"line":5,"column":4},"end":{"line":5,"column":null}}},"fnMap":{"0":{"name":"(anonymous_0)","decl":{"start":{"line":1,"column":0},"end":{"line":1,"column":12}},"loc":{"start":{"line":1,"column":18},"end":{"line":6,"column":1}}}},"branchMap":{"0":{"loc":{"start":{"line":1,"column":12},"end":{"line":1,"column":null}},"type":"binary-expr","locations":[{"start":{"line":1,"column":12},"end":{"line":1,"column":18}},{"start":{"line":1,"column":18},"end":{"line":1,"column":null}}]}},"s":{"0":1,"1":1,"2":1,"3":1,"4":1},"f":{"0":1},"b":{"0":[1,1]}}
,"C:\\Users\\Velolime\\Desktop\\N-8-DDD\\src\\enums\\ERoles.ts": {"path":"C:\\Users\\Velolime\\Desktop\\N-8-DDD\\src\\enums\\ERoles.ts","statementMap":{"0":{"start":{"line":1,"column":0},"end":{"line":1,"column":null}},"1":{"start":{"line":3,"column":4},"end":{"line":3,"column":null}},"2":{"start":{"line":4,"column":4},"end":{"line":4,"column":null}},"3":{"start":{"line":7,"column":4},"end":{"line":7,"column":null}},"4":{"start":{"line":8,"column":4},"end":{"line":8,"column":null}},"5":{"start":{"line":9,"column":4},"end":{"line":9,"column":null}},"6":{"start":{"line":10,"column":4},"end":{"line":10,"column":null}},"7":{"start":{"line":11,"column":4},"end":{"line":11,"column":null}},"8":{"start":{"line":12,"column":4},"end":{"line":12,"column":null}},"9":{"start":{"line":13,"column":4},"end":{"line":13,"column":null}},"10":{"start":{"line":16,"column":4},"end":{"line":16,"column":null}}},"fnMap":{"0":{"name":"(anonymous_0)","decl":{"start":{"line":1,"column":0},"end":{"line":1,"column":12}},"loc":{"start":{"line":1,"column":18},"end":{"line":17,"column":1}}}},"branchMap":{"0":{"loc":{"start":{"line":1,"column":12},"end":{"line":1,"column":null}},"type":"binary-expr","locations":[{"start":{"line":1,"column":12},"end":{"line":1,"column":18}},{"start":{"line":1,"column":18},"end":{"line":1,"column":null}}]}},"s":{"0":1,"1":1,"2":1,"3":1,"4":1,"5":1,"6":1,"7":1,"8":1,"9":1,"10":1},"f":{"0":1},"b":{"0":[1,1]}}
,"C:\\Users\\Velolime\\Desktop\\N-8-DDD\\src\\models\\Player.ts": {"path":"C:\\Users\\Velolime\\Desktop\\N-8-DDD\\src\\models\\Player.ts","statementMap":{"0":{"start":{"line":7,"column":4},"end":{"line":7,"column":null}},"1":{"start":{"line":9,"column":4},"end":{"line":9,"column":null}},"2":{"start":{"line":12,"column":8},"end":{"line":12,"column":null}},"3":{"start":{"line":13,"column":8},"end":{"line":13,"column":null}},"4":{"start":{"line":14,"column":8},"end":{"line":14,"column":null}},"5":{"start":{"line":19,"column":28},"end":{"line":19,"column":70}},"6":{"start":{"line":20,"column":8},"end":{"line":20,"column":36}},"7":{"start":{"line":4,"column":0},"end":{"line":4,"column":13}}},"fnMap":{"0":{"name":"(anonymous_0)","decl":{"start":{"line":11,"column":4},"end":{"line":11,"column":16}},"loc":{"start":{"line":11,"column":55},"end":{"line":15,"column":5}}},"1":{"name":"(anonymous_1)","decl":{"start":{"line":18,"column":4},"end":{"line":18,"column":8}},"loc":{"start":{"line":18,"column":26},"end":{"line":21,"column":5}}}},"branchMap":{},"s":{"0":50,"1":50,"2":50,"3":50,"4":50,"5":5,"6":5,"7":1},"f":{"0":50,"1":5},"b":{}}
,"C:\\Users\\Velolime\\Desktop\\N-8-DDD\\src\\models\\Roles.ts": {"path":"C:\\Users\\Velolime\\Desktop\\N-8-DDD\\src\\models\\Roles.ts","statementMap":{"0":{"start":{"line":6,"column":4},"end":{"line":6,"column":28}},"1":{"start":{"line":9,"column":8},"end":{"line":9,"column":25}},"2":{"start":{"line":10,"column":8},"end":{"line":10,"column":39}},"3":{"start":{"line":3,"column":0},"end":{"line":3,"column":13}}},"fnMap":{"0":{"name":"(anonymous_0)","decl":{"start":{"line":8,"column":4},"end":{"line":8,"column":16}},"loc":{"start":{"line":8,"column":49},"end":{"line":11,"column":5}}}},"branchMap":{},"s":{"0":50,"1":50,"2":50,"3":1},"f":{"0":50},"b":{}}
,"C:\\Users\\Velolime\\Desktop\\N-8-DDD\\src\\models\\roles\\Cupid.ts": {"path":"C:\\Users\\Velolime\\Desktop\\N-8-DDD\\src\\models\\roles\\Cupid.ts","statementMap":{"0":{"start":{"line":4,"column":0},"end":{"line":4,"column":44}},"1":{"start":{"line":5,"column":0},"end":{"line":5,"column":48}},"2":{"start":{"line":7,"column":0},"end":{"line":7,"column":33}},"3":{"start":{"line":12,"column":8},"end":{"line":12,"column":40}},"4":{"start":{"line":10,"column":4},"end":{"line":10,"column":30}},"5":{"start":{"line":17,"column":8},"end":{"line":20,"column":34}},"6":{"start":{"line":18,"column":12},"end":{"line":18,"column":null}},"7":{"start":{"line":19,"column":12},"end":{"line":19,"column":null}},"8":{"start":{"line":21,"column":12},"end":{"line":21,"column":null}},"9":{"start":{"line":22,"column":8},"end":{"line":22,"column":null}},"10":{"start":{"line":9,"column":0},"end":{"line":9,"column":13}}},"fnMap":{"0":{"name":"(anonymous_0)","decl":{"start":{"line":11,"column":4},"end":{"line":11,"column":null}},"loc":{"start":{"line":11,"column":4},"end":{"line":13,"column":5}}},"1":{"name":"(anonymous_1)","decl":{"start":{"line":15,"column":4},"end":{"line":15,"column":14}},"loc":{"start":{"line":15,"column":34},"end":{"line":23,"column":5}}}},"branchMap":{},"s":{"0":1,"1":1,"2":1,"3":5,"4":5,"5":5,"6":5,"7":5,"8":5,"9":5,"10":1},"f":{"0":5,"1":5},"b":{}}
,"C:\\Users\\Velolime\\Desktop\\N-8-DDD\\src\\models\\roles\\Guard.ts": {"path":"C:\\Users\\Velolime\\Desktop\\N-8-DDD\\src\\models\\roles\\Guard.ts","statementMap":{"0":{"start":{"line":4,"column":0},"end":{"line":4,"column":44}},"1":{"start":{"line":5,"column":0},"end":{"line":5,"column":48}},"2":{"start":{"line":7,"column":0},"end":{"line":7,"column":33}},"3":{"start":{"line":13,"column":8},"end":{"line":13,"column":37}},"4":{"start":{"line":10,"column":4},"end":{"line":10,"column":40}},"5":{"start":{"line":17,"column":32},"end":{"line":17,"column":37}},"6":{"start":{"line":18,"column":41},"end":{"line":18,"column":45}},"7":{"start":{"line":19,"column":27},"end":{"line":19,"column":28}},"8":{"start":{"line":20,"column":8},"end":{"line":24,"column":27}},"9":{"start":{"line":21,"column":12},"end":{"line":21,"column":null}},"10":{"start":{"line":22,"column":12},"end":{"line":22,"column":null}},"11":{"start":{"line":23,"column":12},"end":{"line":23,"column":null}},"12":{"start":{"line":25,"column":8},"end":{"line":25,"column":40}},"13":{"start":{"line":26,"column":8},"end":{"line":26,"column":19}},"14":{"start":{"line":30,"column":8},"end":{"line":33,"column":9}},"15":{"start":{"line":31,"column":12},"end":{"line":31,"column":40}},"16":{"start":{"line":32,"column":12},"end":{"line":32,"column":24}},"17":{"start":{"line":34,"column":8},"end":{"line":34,"column":21}},"18":{"start":{"line":9,"column":0},"end":{"line":9,"column":13}}},"fnMap":{"0":{"name":"(anonymous_0)","decl":{"start":{"line":12,"column":4},"end":{"line":12,"column":null}},"loc":{"start":{"line":12,"column":4},"end":{"line":14,"column":5}}},"1":{"name":"(anonymous_1)","decl":{"start":{"line":16,"column":4},"end":{"line":16,"column":17}},"loc":{"start":{"line":16,"column":39},"end":{"line":27,"column":5}}},"2":{"name":"(anonymous_2)","decl":{"start":{"line":29,"column":4},"end":{"line":29,"column":24}},"loc":{"start":{"line":29,"column":39},"end":{"line":35,"column":5}}}},"branchMap":{"0":{"loc":{"start":{"line":30,"column":8},"end":{"line":33,"column":9}},"type":"if","locations":[{"start":{"line":30,"column":8},"end":{"line":33,"column":9}}]},"1":{"loc":{"start":{"line":30,"column":11},"end":{"line":30,"column":74}},"type":"binary-expr","locations":[{"start":{"line":30,"column":11},"end":{"line":30,"column":30}},{"start":{"line":30,"column":34},"end":{"line":30,"column":74}}]}},"s":{"0":1,"1":1,"2":1,"3":5,"4":5,"5":5,"6":5,"7":5,"8":5,"9":5,"10":5,"11":5,"12":5,"13":5,"14":5,"15":5,"16":5,"17":0,"18":1},"f":{"0":5,"1":5,"2":5},"b":{"0":[5],"1":[5,0]}}
,"C:\\Users\\Velolime\\Desktop\\N-8-DDD\\src\\models\\roles\\Hunter.ts": {"path":"C:\\Users\\Velolime\\Desktop\\N-8-DDD\\src\\models\\roles\\Hunter.ts","statementMap":{"0":{"start":{"line":4,"column":0},"end":{"line":4,"column":44}},"1":{"start":{"line":6,"column":0},"end":{"line":6,"column":33}},"2":{"start":{"line":10,"column":8},"end":{"line":10,"column":39}},"3":{"start":{"line":8,"column":0},"end":{"line":8,"column":13}}},"fnMap":{"0":{"name":"(anonymous_0)","decl":{"start":{"line":9,"column":4},"end":{"line":9,"column":null}},"loc":{"start":{"line":9,"column":4},"end":{"line":11,"column":5}}}},"branchMap":{},"s":{"0":1,"1":1,"2":5,"3":1},"f":{"0":5},"b":{}}
,"C:\\Users\\Velolime\\Desktop\\N-8-DDD\\src\\models\\roles\\InfectWereWolf.ts": {"path":"C:\\Users\\Velolime\\Desktop\\N-8-DDD\\src\\models\\roles\\InfectWereWolf.ts","statementMap":{"0":{"start":{"line":4,"column":0},"end":{"line":4,"column":44}},"1":{"start":{"line":5,"column":0},"end":{"line":5,"column":48}},"2":{"start":{"line":7,"column":0},"end":{"line":7,"column":33}},"3":{"start":{"line":14,"column":8},"end":{"line":14,"column":47}},"4":{"start":{"line":11,"column":4},"end":{"line":11,"column":35}},"5":{"start":{"line":18,"column":8},"end":{"line":18,"column":33}},"6":{"start":{"line":22,"column":8},"end":{"line":22,"column":null}},"7":{"start":{"line":23,"column":27},"end":{"line":23,"column":61}},"8":{"start":{"line":24,"column":8},"end":{"line":24,"column":null}},"9":{"start":{"line":25,"column":8},"end":{"line":30,"column":9}},"10":{"start":{"line":26,"column":12},"end":{"line":26,"column":37}},"11":{"start":{"line":27,"column":12},"end":{"line":27,"column":null}},"12":{"start":{"line":29,"column":12},"end":{"line":29,"column":null}},"13":{"start":{"line":9,"column":0},"end":{"line":9,"column":13}}},"fnMap":{"0":{"name":"(anonymous_0)","decl":{"start":{"line":13,"column":4},"end":{"line":13,"column":null}},"loc":{"start":{"line":13,"column":4},"end":{"line":15,"column":5}}},"1":{"name":"(anonymous_1)","decl":{"start":{"line":17,"column":4},"end":{"line":17,"column":19}},"loc":{"start":{"line":17,"column":19},"end":{"line":19,"column":5}}},"2":{"name":"(anonymous_2)","decl":{"start":{"line":21,"column":4},"end":{"line":21,"column":10}},"loc":{"start":{"line":21,"column":26},"end":{"line":31,"column":5}}}},"branchMap":{"0":{"loc":{"start":{"line":25,"column":8},"end":{"line":30,"column":9}},"type":"if","locations":[{"start":{"line":25,"column":8},"end":{"line":30,"column":9}},{"start":{"line":28,"column":13},"end":{"line":30,"column":9}}]}},"s":{"0":1,"1":1,"2":1,"3":5,"4":5,"5":2,"6":2,"7":2,"8":2,"9":2,"10":2,"11":2,"12":0,"13":1},"f":{"0":5,"1":2,"2":2},"b":{"0":[2,0]}}
,"C:\\Users\\Velolime\\Desktop\\N-8-DDD\\src\\models\\roles\\LittleGirl.ts": {"path":"C:\\Users\\Velolime\\Desktop\\N-8-DDD\\src\\models\\roles\\LittleGirl.ts","statementMap":{"0":{"start":{"line":4,"column":0},"end":{"line":4,"column":44}},"1":{"start":{"line":6,"column":0},"end":{"line":6,"column":33}},"2":{"start":{"line":10,"column":8},"end":{"line":10,"column":49}},"3":{"start":{"line":8,"column":0},"end":{"line":8,"column":13}}},"fnMap":{"0":{"name":"(anonymous_0)","decl":{"start":{"line":9,"column":4},"end":{"line":9,"column":null}},"loc":{"start":{"line":9,"column":4},"end":{"line":11,"column":5}}}},"branchMap":{},"s":{"0":1,"1":1,"2":5,"3":1},"f":{"0":5},"b":{}}
,"C:\\Users\\Velolime\\Desktop\\N-8-DDD\\src\\models\\roles\\Seer.ts": {"path":"C:\\Users\\Velolime\\Desktop\\N-8-DDD\\src\\models\\roles\\Seer.ts","statementMap":{"0":{"start":{"line":4,"column":0},"end":{"line":4,"column":44}},"1":{"start":{"line":5,"column":0},"end":{"line":5,"column":48}},"2":{"start":{"line":7,"column":0},"end":{"line":7,"column":33}},"3":{"start":{"line":12,"column":8},"end":{"line":12,"column":36}},"4":{"start":{"line":10,"column":4},"end":{"line":10,"column":34}},"5":{"start":{"line":17,"column":8},"end":{"line":19,"column":52}},"6":{"start":{"line":18,"column":12},"end":{"line":18,"column":null}},"7":{"start":{"line":20,"column":8},"end":{"line":20,"column":null}},"8":{"start":{"line":24,"column":8},"end":{"line":24,"column":28}},"9":{"start":{"line":25,"column":8},"end":{"line":25,"column":14}},"10":{"start":{"line":9,"column":0},"end":{"line":9,"column":13}}},"fnMap":{"0":{"name":"(anonymous_0)","decl":{"start":{"line":11,"column":4},"end":{"line":11,"column":null}},"loc":{"start":{"line":11,"column":4},"end":{"line":13,"column":5}}},"1":{"name":"(anonymous_1)","decl":{"start":{"line":15,"column":4},"end":{"line":15,"column":16}},"loc":{"start":{"line":15,"column":37},"end":{"line":21,"column":5}}},"2":{"name":"(anonymous_2)","decl":{"start":{"line":23,"column":4},"end":{"line":23,"column":11}},"loc":{"start":{"line":23,"column":24},"end":{"line":26,"column":5}}}},"branchMap":{"0":{"loc":{"start":{"line":19,"column":15},"end":{"line":19,"column":51}},"type":"binary-expr","locations":[{"start":{"line":19,"column":15},"end":{"line":19,"column":23}},{"start":{"line":19,"column":27},"end":{"line":19,"column":51}}]}},"s":{"0":1,"1":1,"2":1,"3":5,"4":5,"5":5,"6":5,"7":5,"8":5,"9":5,"10":1},"f":{"0":5,"1":5,"2":5},"b":{"0":[5,0]}}
,"C:\\Users\\Velolime\\Desktop\\N-8-DDD\\src\\models\\roles\\SimpleVillager.ts": {"path":"C:\\Users\\Velolime\\Desktop\\N-8-DDD\\src\\models\\roles\\SimpleVillager.ts","statementMap":{"0":{"start":{"line":5,"column":0},"end":{"line":5,"column":44}},"1":{"start":{"line":6,"column":0},"end":{"line":6,"column":33}},"2":{"start":{"line":10,"column":8},"end":{"line":10,"column":50}},"3":{"start":{"line":8,"column":0},"end":{"line":8,"column":13}}},"fnMap":{"0":{"name":"(anonymous_0)","decl":{"start":{"line":9,"column":4},"end":{"line":9,"column":null}},"loc":{"start":{"line":9,"column":4},"end":{"line":11,"column":5}}}},"branchMap":{},"s":{"0":1,"1":1,"2":10,"3":1},"f":{"0":10},"b":{}}
,"C:\\Users\\Velolime\\Desktop\\N-8-DDD\\src\\models\\roles\\WhiteWereWolf.ts": {"path":"C:\\Users\\Velolime\\Desktop\\N-8-DDD\\src\\models\\roles\\WhiteWereWolf.ts","statementMap":{"0":{"start":{"line":3,"column":0},"end":{"line":3,"column":44}},"1":{"start":{"line":4,"column":0},"end":{"line":4,"column":48}},"2":{"start":{"line":6,"column":0},"end":{"line":6,"column":33}},"3":{"start":{"line":11,"column":8},"end":{"line":11,"column":44}},"4":{"start":{"line":15,"column":21},"end":{"line":15,"column":43}},"5":{"start":{"line":16,"column":8},"end":{"line":16,"column":null}},"6":{"start":{"line":16,"column":23},"end":{"line":16,"column":null}},"7":{"start":{"line":17,"column":8},"end":{"line":19,"column":9}},"8":{"start":{"line":18,"column":12},"end":{"line":18,"column":null}},"9":{"start":{"line":20,"column":8},"end":{"line":20,"column":null}},"10":{"start":{"line":8,"column":0},"end":{"line":8,"column":13}}},"fnMap":{"0":{"name":"(anonymous_0)","decl":{"start":{"line":10,"column":4},"end":{"line":10,"column":null}},"loc":{"start":{"line":10,"column":4},"end":{"line":12,"column":5}}},"1":{"name":"(anonymous_1)","decl":{"start":{"line":14,"column":4},"end":{"line":14,"column":21}},"loc":{"start":{"line":14,"column":64},"end":{"line":21,"column":5}}}},"branchMap":{"0":{"loc":{"start":{"line":16,"column":8},"end":{"line":16,"column":null}},"type":"if","locations":[{"start":{"line":16,"column":8},"end":{"line":16,"column":null}}]},"1":{"loc":{"start":{"line":17,"column":8},"end":{"line":19,"column":9}},"type":"if","locations":[{"start":{"line":17,"column":8},"end":{"line":19,"column":9}}]}},"s":{"0":1,"1":1,"2":1,"3":5,"4":0,"5":0,"6":0,"7":0,"8":0,"9":0,"10":1},"f":{"0":5,"1":0},"b":{"0":[0],"1":[0]}}
,"C:\\Users\\Velolime\\Desktop\\N-8-DDD\\src\\models\\roles\\Witch.ts": {"path":"C:\\Users\\Velolime\\Desktop\\N-8-DDD\\src\\models\\roles\\Witch.ts","statementMap":{"0":{"start":{"line":4,"column":0},"end":{"line":4,"column":44}},"1":{"start":{"line":5,"column":0},"end":{"line":5,"column":48}},"2":{"start":{"line":7,"column":0},"end":{"line":7,"column":33}},"3":{"start":{"line":11,"column":8},"end":{"line":11,"column":37}},"4":{"start":{"line":14,"column":4},"end":{"line":14,"column":36}},"5":{"start":{"line":15,"column":4},"end":{"line":15,"column":35}},"6":{"start":{"line":18,"column":8},"end":{"line":18,"column":37}},"7":{"start":{"line":22,"column":8},"end":{"line":22,"column":36}},"8":{"start":{"line":26,"column":8},"end":{"line":26,"column":null}},"9":{"start":{"line":30,"column":19},"end":{"line":30,"column":21}},"10":{"start":{"line":31,"column":8},"end":{"line":31,"column":null}},"11":{"start":{"line":31,"column":43},"end":{"line":31,"column":null}},"12":{"start":{"line":32,"column":8},"end":{"line":32,"column":null}},"13":{"start":{"line":32,"column":32},"end":{"line":32,"column":null}},"14":{"start":{"line":33,"column":8},"end":{"line":48,"column":9}},"15":{"start":{"line":34,"column":12},"end":{"line":34,"column":null}},"16":{"start":{"line":35,"column":30},"end":{"line":35,"column":50}},"17":{"start":{"line":39,"column":12},"end":{"line":47,"column":13}},"18":{"start":{"line":40,"column":16},"end":{"line":40,"column":null}},"19":{"start":{"line":41,"column":16},"end":{"line":41,"column":null}},"20":{"start":{"line":42,"column":19},"end":{"line":47,"column":13}},"21":{"start":{"line":43,"column":25},"end":{"line":43,"column":97}},"22":{"start":{"line":43,"column":63},"end":{"line":43,"column":96}},"23":{"start":{"line":44,"column":29},"end":{"line":44,"column":47}},"24":{"start":{"line":45,"column":16},"end":{"line":45,"column":null}},"25":{"start":{"line":46,"column":16},"end":{"line":46,"column":null}},"26":{"start":{"line":49,"column":8},"end":{"line":49,"column":null}},"27":{"start":{"line":9,"column":0},"end":{"line":9,"column":13}}},"fnMap":{"0":{"name":"(anonymous_0)","decl":{"start":{"line":10,"column":4},"end":{"line":10,"column":null}},"loc":{"start":{"line":10,"column":4},"end":{"line":12,"column":5}}},"1":{"name":"(anonymous_1)","decl":{"start":{"line":17,"column":4},"end":{"line":17,"column":19}},"loc":{"start":{"line":17,"column":19},"end":{"line":19,"column":5}}},"2":{"name":"(anonymous_2)","decl":{"start":{"line":21,"column":4},"end":{"line":21,"column":18}},"loc":{"start":{"line":21,"column":18},"end":{"line":23,"column":5}}},"3":{"name":"(anonymous_3)","decl":{"start":{"line":25,"column":4},"end":{"line":25,"column":15}},"loc":{"start":{"line":25,"column":15},"end":{"line":27,"column":5}}},"4":{"name":"(anonymous_4)","decl":{"start":{"line":29,"column":4},"end":{"line":29,"column":14}},"loc":{"start":{"line":29,"column":49},"end":{"line":50,"column":5}}},"5":{"name":"(anonymous_5)","decl":{"start":{"line":43,"column":43},"end":{"line":43,"column":44}},"loc":{"start":{"line":43,"column":63},"end":{"line":43,"column":96}}}},"branchMap":{"0":{"loc":{"start":{"line":26,"column":15},"end":{"line":26,"column":58}},"type":"binary-expr","locations":[{"start":{"line":26,"column":15},"end":{"line":26,"column":35}},{"start":{"line":26,"column":39},"end":{"line":26,"column":58}}]},"1":{"loc":{"start":{"line":31,"column":8},"end":{"line":31,"column":null}},"type":"if","locations":[{"start":{"line":31,"column":8},"end":{"line":31,"column":null}}]},"2":{"loc":{"start":{"line":31,"column":11},"end":{"line":31,"column":41}},"type":"binary-expr","locations":[{"start":{"line":31,"column":11},"end":{"line":31,"column":17}},{"start":{"line":31,"column":21},"end":{"line":31,"column":41}}]},"3":{"loc":{"start":{"line":32,"column":8},"end":{"line":32,"column":null}},"type":"if","locations":[{"start":{"line":32,"column":8},"end":{"line":32,"column":null}}]},"4":{"loc":{"start":{"line":33,"column":8},"end":{"line":48,"column":9}},"type":"if","locations":[{"start":{"line":33,"column":8},"end":{"line":48,"column":9}}]},"5":{"loc":{"start":{"line":39,"column":12},"end":{"line":47,"column":13}},"type":"if","locations":[{"start":{"line":39,"column":12},"end":{"line":47,"column":13}},{"start":{"line":42,"column":19},"end":{"line":47,"column":13}}]},"6":{"loc":{"start":{"line":42,"column":19},"end":{"line":47,"column":13}},"type":"if","locations":[{"start":{"line":42,"column":19},"end":{"line":47,"column":13}}]}},"s":{"0":1,"1":1,"2":1,"3":5,"4":5,"5":5,"6":1,"7":4,"8":0,"9":5,"10":5,"11":0,"12":5,"13":5,"14":5,"15":5,"16":5,"17":5,"18":1,"19":1,"20":4,"21":4,"22":40,"23":4,"24":4,"25":4,"26":0,"27":1},"f":{"0":5,"1":1,"2":4,"3":0,"4":5,"5":40},"b":{"0":[0,0],"1":[0],"2":[5,0],"3":[5],"4":[5],"5":[1,4],"6":[4]}}
,"C:\\Users\\Velolime\\Desktop\\N-8-DDD\\src\\test\\utils.ts": {"path":"C:\\Users\\Velolime\\Desktop\\N-8-DDD\\src\\test\\utils.ts","statementMap":{"0":{"start":{"line":14,"column":0},"end":{"line":14,"column":16}},"1":{"start":{"line":1,"column":0},"end":{"line":1,"column":42}},"2":{"start":{"line":2,"column":0},"end":{"line":2,"column":46}},"3":{"start":{"line":3,"column":0},"end":{"line":3,"column":46}},"4":{"start":{"line":5,"column":0},"end":{"line":5,"column":41}},"5":{"start":{"line":6,"column":0},"end":{"line":6,"column":48}},"6":{"start":{"line":7,"column":0},"end":{"line":7,"column":44}},"7":{"start":{"line":8,"column":0},"end":{"line":8,"column":56}},"8":{"start":{"line":9,"column":0},"end":{"line":9,"column":64}},"9":{"start":{"line":10,"column":0},"end":{"line":10,"column":46}},"10":{"start":{"line":11,"column":0},"end":{"line":11,"column":64}},"11":{"start":{"line":12,"column":0},"end":{"line":12,"column":62}},"12":{"start":{"line":15,"column":4},"end":{"line":25,"column":null}}},"fnMap":{"0":{"name":"initializePlayers","decl":{"start":{"line":14,"column":16},"end":{"line":14,"column":33}},"loc":{"start":{"line":14,"column":33},"end":{"line":27,"column":1}}}},"branchMap":{},"s":{"0":1,"1":1,"2":1,"3":1,"4":1,"5":1,"6":1,"7":1,"8":1,"9":1,"10":1,"11":1,"12":5},"f":{"0":5},"b":{}}
,"C:\\Users\\Velolime\\Desktop\\N-8-DDD\\src\\tools\\tool.ts": {"path":"C:\\Users\\Velolime\\Desktop\\N-8-DDD\\src\\tools\\tool.ts","statementMap":{"0":{"start":{"line":4,"column":0},"end":{"line":4,"column":16}},"1":{"start":{"line":8,"column":0},"end":{"line":8,"column":16}},"2":{"start":{"line":12,"column":0},"end":{"line":12,"column":16}},"3":{"start":{"line":5,"column":4},"end":{"line":5,"column":53}},"4":{"start":{"line":5,"column":34},"end":{"line":5,"column":51}},"5":{"start":{"line":9,"column":4},"end":{"line":9,"column":13}},"6":{"start":{"line":13,"column":41},"end":{"line":13,"column":45}},"7":{"start":{"line":16,"column":49},"end":{"line":16,"column":51}},"8":{"start":{"line":17,"column":4},"end":{"line":23,"column":7}},"9":{"start":{"line":18,"column":8},"end":{"line":22,"column":9}},"10":{"start":{"line":19,"column":12},"end":{"line":19,"column":37}},"11":{"start":{"line":21,"column":12},"end":{"line":21,"column":39}},"12":{"start":{"line":25,"column":19},"end":{"line":25,"column":20}},"13":{"start":{"line":26,"column":4},"end":{"line":31,"column":5}},"14":{"start":{"line":27,"column":8},"end":{"line":30,"column":9}},"15":{"start":{"line":28,"column":12},"end":{"line":28,"column":45}},"16":{"start":{"line":29,"column":12},"end":{"line":29,"column":91}},"17":{"start":{"line":29,"column":55},"end":{"line":29,"column":81}},"18":{"start":{"line":32,"column":4},"end":{"line":32,"column":26}}},"fnMap":{"0":{"name":"findPlayerByRole","decl":{"start":{"line":4,"column":16},"end":{"line":4,"column":32}},"loc":{"start":{"line":4,"column":66},"end":{"line":6,"column":1}}},"1":{"name":"(anonymous_1)","decl":{"start":{"line":5,"column":29},"end":{"line":5,"column":30}},"loc":{"start":{"line":5,"column":34},"end":{"line":5,"column":51}}},"2":{"name":"chooseAnswer","decl":{"start":{"line":8,"column":16},"end":{"line":8,"column":28}},"loc":{"start":{"line":8,"column":58},"end":{"line":10,"column":1}}},"3":{"name":"selectVotePlayer","decl":{"start":{"line":12,"column":16},"end":{"line":12,"column":32}},"loc":{"start":{"line":12,"column":78},"end":{"line":33,"column":1}}},"4":{"name":"(anonymous_4)","decl":{"start":{"line":17,"column":25},"end":{"line":17,"column":26}},"loc":{"start":{"line":17,"column":44},"end":{"line":23,"column":5}}},"5":{"name":"(anonymous_5)","decl":{"start":{"line":29,"column":45},"end":{"line":29,"column":51}},"loc":{"start":{"line":29,"column":55},"end":{"line":29,"column":81}}}},"branchMap":{"0":{"loc":{"start":{"line":18,"column":8},"end":{"line":22,"column":9}},"type":"if","locations":[{"start":{"line":18,"column":8},"end":{"line":22,"column":9}},{"start":{"line":20,"column":15},"end":{"line":22,"column":9}}]},"1":{"loc":{"start":{"line":27,"column":8},"end":{"line":30,"column":9}},"type":"if","locations":[{"start":{"line":27,"column":8},"end":{"line":30,"column":9}}]},"2":{"loc":{"start":{"line":29,"column":30},"end":{"line":29,"column":90}},"type":"binary-expr","locations":[{"start":{"line":29,"column":30},"end":{"line":29,"column":82}},{"start":{"line":29,"column":86},"end":{"line":29,"column":90}}]}},"s":{"0":1,"1":1,"2":1,"3":28,"4":280,"5":0,"6":5,"7":5,"8":5,"9":5,"10":0,"11":5,"12":5,"13":5,"14":5,"15":5,"16":5,"17":29,"18":5},"f":{"0":28,"1":280,"2":0,"3":5,"4":5,"5":29},"b":{"0":[0,5],"1":[5],"2":[5,0]}}
,"C:\\Users\\Velolime\\Desktop\\N-8-DDD\\src\\use_case\\NightTurn.ts": {"path":"C:\\Users\\Velolime\\Desktop\\N-8-DDD\\src\\use_case\\NightTurn.ts","statementMap":{"0":{"start":{"line":1,"column":0},"end":{"line":1,"column":41}},"1":{"start":{"line":2,"column":0},"end":{"line":2,"column":41}},"2":{"start":{"line":4,"column":0},"end":{"line":4,"column":46}},"3":{"start":{"line":5,"column":0},"end":{"line":5,"column":64}},"4":{"start":{"line":6,"column":0},"end":{"line":6,"column":46}},"5":{"start":{"line":7,"column":0},"end":{"line":7,"column":46}},"6":{"start":{"line":8,"column":0},"end":{"line":8,"column":44}},"7":{"start":{"line":9,"column":0},"end":{"line":9,"column":63}},"8":{"start":{"line":10,"column":0},"end":{"line":10,"column":38}},"9":{"start":{"line":11,"column":0},"end":{"line":11,"column":62}},"10":{"start":{"line":14,"column":4},"end":{"line":14,"column":16}},"11":{"start":{"line":18,"column":8},"end":{"line":25,"column":9}},"12":{"start":{"line":19,"column":24},"end":{"line":19,"column":69}},"13":{"start":{"line":20,"column":12},"end":{"line":24,"column":13}},"14":{"start":{"line":21,"column":27},"end":{"line":21,"column":60}},"15":{"start":{"line":22,"column":16},"end":{"line":22,"column":null}},"16":{"start":{"line":23,"column":16},"end":{"line":23,"column":null}},"17":{"start":{"line":28,"column":23},"end":{"line":28,"column":63}},"18":{"start":{"line":29,"column":8},"end":{"line":35,"column":9}},"19":{"start":{"line":30,"column":23},"end":{"line":30,"column":34}},"20":{"start":{"line":31,"column":12},"end":{"line":34,"column":13}},"21":{"start":{"line":32,"column":35},"end":{"line":32,"column":69}},"22":{"start":{"line":33,"column":16},"end":{"line":33,"column":null}},"23":{"start":{"line":39,"column":41},"end":{"line":39,"column":45}},"24":{"start":{"line":40,"column":24},"end":{"line":40,"column":65}},"25":{"start":{"line":41,"column":8},"end":{"line":48,"column":9}},"26":{"start":{"line":42,"column":24},"end":{"line":42,"column":36}},"27":{"start":{"line":43,"column":12},"end":{"line":47,"column":13}},"28":{"start":{"line":44,"column":35},"end":{"line":44,"column":36}},"29":{"start":{"line":45,"column":16},"end":{"line":45,"column":null}},"30":{"start":{"line":46,"column":16},"end":{"line":46,"column":null}},"31":{"start":{"line":51,"column":25},"end":{"line":51,"column":61}},"32":{"start":{"line":52,"column":30},"end":{"line":52,"column":60}},"33":{"start":{"line":54,"column":8},"end":{"line":58,"column":9}},"34":{"start":{"line":55,"column":12},"end":{"line":55,"column":null}},"35":{"start":{"line":57,"column":12},"end":{"line":57,"column":null}},"36":{"start":{"line":61,"column":8},"end":{"line":75,"column":9}},"37":{"start":{"line":62,"column":27},"end":{"line":62,"column":79}},"38":{"start":{"line":63,"column":12},"end":{"line":74,"column":13}},"39":{"start":{"line":64,"column":27},"end":{"line":64,"column":38}},"40":{"start":{"line":65,"column":16},"end":{"line":73,"column":17}},"41":{"start":{"line":66,"column":20},"end":{"line":72,"column":21}},"42":{"start":{"line":67,"column":39},"end":{"line":67,"column":67}},"43":{"start":{"line":68,"column":24},"end":{"line":71,"column":25}},"44":{"start":{"line":69,"column":28},"end":{"line":69,"column":null}},"45":{"start":{"line":70,"column":28},"end":{"line":70,"column":null}},"46":{"start":{"line":78,"column":8},"end":{"line":92,"column":9}},"47":{"start":{"line":80,"column":26},"end":{"line":80,"column":77}},"48":{"start":{"line":81,"column":12},"end":{"line":91,"column":13}},"49":{"start":{"line":82,"column":28},"end":{"line":82,"column":40}},"50":{"start":{"line":83,"column":16},"end":{"line":90,"column":17}},"51":{"start":{"line":84,"column":35},"end":{"line":84,"column":79}},"52":{"start":{"line":85,"column":38},"end":{"line":85,"column":87}},"53":{"start":{"line":86,"column":20},"end":{"line":89,"column":21}},"54":{"start":{"line":87,"column":24},"end":{"line":87,"column":null}},"55":{"start":{"line":87,"column":72},"end":{"line":87,"column":104}},"56":{"start":{"line":88,"column":24},"end":{"line":88,"column":null}},"57":{"start":{"line":95,"column":24},"end":{"line":95,"column":66}},"58":{"start":{"line":96,"column":8},"end":{"line":106,"column":9}},"59":{"start":{"line":97,"column":24},"end":{"line":97,"column":36}},"60":{"start":{"line":98,"column":12},"end":{"line":105,"column":13}},"61":{"start":{"line":99,"column":32},"end":{"line":99,"column":72}},"62":{"start":{"line":100,"column":16},"end":{"line":104,"column":17}},"63":{"start":{"line":101,"column":20},"end":{"line":101,"column":null}},"64":{"start":{"line":102,"column":22},"end":{"line":104,"column":17}},"65":{"start":{"line":103,"column":20},"end":{"line":103,"column":null}},"66":{"start":{"line":107,"column":8},"end":{"line":107,"column":null}},"67":{"start":{"line":107,"column":18},"end":{"line":107,"column":null}},"68":{"start":{"line":108,"column":8},"end":{"line":108,"column":null}},"69":{"start":{"line":110,"column":8},"end":{"line":110,"column":null}},"70":{"start":{"line":13,"column":0},"end":{"line":13,"column":13}}},"fnMap":{"0":{"name":"(anonymous_0)","decl":{"start":{"line":13,"column":0},"end":{"line":13,"column":13}},"loc":{"start":{"line":13,"column":0},"end":{"line":112,"column":1}}},"1":{"name":"(anonymous_1)","decl":{"start":{"line":16,"column":4},"end":{"line":16,"column":14}},"loc":{"start":{"line":16,"column":34},"end":{"line":111,"column":5}}},"2":{"name":"(anonymous_2)","decl":{"start":{"line":87,"column":59},"end":{"line":87,"column":60}},"loc":{"start":{"line":87,"column":70},"end":{"line":87,"column":104}}}},"branchMap":{"0":{"loc":{"start":{"line":18,"column":8},"end":{"line":25,"column":9}},"type":"if","locations":[{"start":{"line":18,"column":8},"end":{"line":25,"column":9}}]},"1":{"loc":{"start":{"line":20,"column":12},"end":{"line":24,"column":13}},"type":"if","locations":[{"start":{"line":20,"column":12},"end":{"line":24,"column":13}}]},"2":{"loc":{"start":{"line":29,"column":8},"end":{"line":35,"column":9}},"type":"if","locations":[{"start":{"line":29,"column":8},"end":{"line":35,"column":9}}]},"3":{"loc":{"start":{"line":31,"column":12},"end":{"line":34,"column":13}},"type":"if","locations":[{"start":{"line":31,"column":12},"end":{"line":34,"column":13}}]},"4":{"loc":{"start":{"line":41,"column":8},"end":{"line":48,"column":9}},"type":"if","locations":[{"start":{"line":41,"column":8},"end":{"line":48,"column":9}}]},"5":{"loc":{"start":{"line":43,"column":12},"end":{"line":47,"column":13}},"type":"if","locations":[{"start":{"line":43,"column":12},"end":{"line":47,"column":13}}]},"6":{"loc":{"start":{"line":54,"column":8},"end":{"line":58,"column":9}},"type":"if","locations":[{"start":{"line":54,"column":8},"end":{"line":58,"column":9}},{"start":{"line":56,"column":13},"end":{"line":58,"column":9}}]},"7":{"loc":{"start":{"line":61,"column":8},"end":{"line":75,"column":9}},"type":"if","locations":[{"start":{"line":61,"column":8},"end":{"line":75,"column":9}}]},"8":{"loc":{"start":{"line":63,"column":12},"end":{"line":74,"column":13}},"type":"if","locations":[{"start":{"line":63,"column":12},"end":{"line":74,"column":13}}]},"9":{"loc":{"start":{"line":65,"column":16},"end":{"line":73,"column":17}},"type":"if","locations":[{"start":{"line":65,"column":16},"end":{"line":73,"column":17}}]},"10":{"loc":{"start":{"line":66,"column":20},"end":{"line":72,"column":21}},"type":"if","locations":[{"start":{"line":66,"column":20},"end":{"line":72,"column":21}}]},"11":{"loc":{"start":{"line":68,"column":24},"end":{"line":71,"column":25}},"type":"if","locations":[{"start":{"line":68,"column":24},"end":{"line":71,"column":25}}]},"12":{"loc":{"start":{"line":78,"column":8},"end":{"line":92,"column":9}},"type":"if","locations":[{"start":{"line":78,"column":8},"end":{"line":92,"column":9}}]},"13":{"loc":{"start":{"line":81,"column":12},"end":{"line":91,"column":13}},"type":"if","locations":[{"start":{"line":81,"column":12},"end":{"line":91,"column":13}}]},"14":{"loc":{"start":{"line":83,"column":16},"end":{"line":90,"column":17}},"type":"if","locations":[{"start":{"line":83,"column":16},"end":{"line":90,"column":17}}]},"15":{"loc":{"start":{"line":86,"column":20},"end":{"line":89,"column":21}},"type":"if","locations":[{"start":{"line":86,"column":20},"end":{"line":89,"column":21}}]},"16":{"loc":{"start":{"line":96,"column":8},"end":{"line":106,"column":9}},"type":"if","locations":[{"start":{"line":96,"column":8},"end":{"line":106,"column":9}}]},"17":{"loc":{"start":{"line":98,"column":12},"end":{"line":105,"column":13}},"type":"if","locations":[{"start":{"line":98,"column":12},"end":{"line":105,"column":13}}]},"18":{"loc":{"start":{"line":100,"column":16},"end":{"line":104,"column":17}},"type":"if","locations":[{"start":{"line":100,"column":16},"end":{"line":104,"column":17}},{"start":{"line":102,"column":22},"end":{"line":104,"column":17}}]},"19":{"loc":{"start":{"line":102,"column":22},"end":{"line":104,"column":17}},"type":"if","locations":[{"start":{"line":102,"column":22},"end":{"line":104,"column":17}}]},"20":{"loc":{"start":{"line":107,"column":8},"end":{"line":107,"column":null}},"type":"if","locations":[{"start":{"line":107,"column":8},"end":{"line":107,"column":null}}]}},"s":{"0":1,"1":1,"2":1,"3":1,"4":1,"5":1,"6":1,"7":1,"8":1,"9":1,"10":5,"11":5,"12":5,"13":5,"14":5,"15":5,"16":5,"17":5,"18":5,"19":5,"20":5,"21":5,"22":5,"23":5,"24":5,"25":5,"26":5,"27":5,"28":5,"29":5,"30":5,"31":5,"32":5,"33":5,"34":0,"35":5,"36":5,"37":2,"38":2,"39":2,"40":2,"41":2,"42":2,"43":2,"44":2,"45":2,"46":5,"47":0,"48":0,"49":0,"50":0,"51":0,"52":0,"53":0,"54":0,"55":0,"56":0,"57":5,"58":5,"59":5,"60":5,"61":5,"62":5,"63":1,"64":4,"65":2,"66":5,"67":0,"68":5,"69":5,"70":1},"f":{"0":5,"1":5,"2":0},"b":{"0":[5],"1":[5],"2":[5],"3":[5],"4":[5],"5":[5],"6":[0,5],"7":[2],"8":[2],"9":[2],"10":[2],"11":[2],"12":[0],"13":[0],"14":[0],"15":[0],"16":[5],"17":[5],"18":[1,4],"19":[2],"20":[0]}}
,"C:\\Users\\Velolime\\Desktop\\N-8-DDD\\src\\use_case\\WolfVote.ts": {"path":"C:\\Users\\Velolime\\Desktop\\N-8-DDD\\src\\use_case\\WolfVote.ts","statementMap":{"0":{"start":{"line":1,"column":0},"end":{"line":1,"column":41}},"1":{"start":{"line":3,"column":0},"end":{"line":3,"column":63}},"2":{"start":{"line":11,"column":8},"end":{"line":11,"column":35}},"3":{"start":{"line":12,"column":8},"end":{"line":12,"column":null}},"4":{"start":{"line":12,"column":51},"end":{"line":12,"column":82}},"5":{"start":{"line":17,"column":38},"end":{"line":17,"column":40}},"6":{"start":{"line":18,"column":45},"end":{"line":18,"column":49}},"7":{"start":{"line":21,"column":8},"end":{"line":23,"column":11}},"8":{"start":{"line":22,"column":12},"end":{"line":22,"column":null}},"9":{"start":{"line":25,"column":8},"end":{"line":25,"column":null}},"10":{"start":{"line":27,"column":8},"end":{"line":29,"column":9}},"11":{"start":{"line":28,"column":12},"end":{"line":28,"column":36}},"12":{"start":{"line":30,"column":8},"end":{"line":30,"column":null}},"13":{"start":{"line":5,"column":0},"end":{"line":5,"column":13}}},"fnMap":{"0":{"name":"(anonymous_0)","decl":{"start":{"line":10,"column":4},"end":{"line":10,"column":17}},"loc":{"start":{"line":10,"column":36},"end":{"line":13,"column":5}}},"1":{"name":"(anonymous_1)","decl":{"start":{"line":12,"column":38},"end":{"line":12,"column":39}},"loc":{"start":{"line":12,"column":51},"end":{"line":12,"column":82}}},"2":{"name":"(anonymous_2)","decl":{"start":{"line":15,"column":4},"end":{"line":15,"column":13}},"loc":{"start":{"line":15,"column":13},"end":{"line":31,"column":5}}},"3":{"name":"(anonymous_3)","decl":{"start":{"line":21,"column":27},"end":{"line":21,"column":28}},"loc":{"start":{"line":21,"column":46},"end":{"line":23,"column":9}}}},"branchMap":{"0":{"loc":{"start":{"line":27,"column":8},"end":{"line":29,"column":9}},"type":"if","locations":[{"start":{"line":27,"column":8},"end":{"line":29,"column":9}}]}},"s":{"0":1,"1":1,"2":5,"3":5,"4":50,"5":5,"6":5,"7":5,"8":5,"9":5,"10":5,"11":0,"12":5,"13":1},"f":{"0":5,"1":50,"2":5,"3":5},"b":{"0":[0]}}
}
