{"/Users/debrasnicolas/Documents/dev/N-8-DDD-1/src/enums/ECamps.ts": {"path":"/Users/debrasnicolas/Documents/dev/N-8-DDD-1/src/enums/ECamps.ts","statementMap":{"0":{"start":{"line":1,"column":0},"end":{"line":1,"column":null}},"1":{"start":{"line":2,"column":4},"end":{"line":2,"column":null}},"2":{"start":{"line":3,"column":4},"end":{"line":3,"column":null}},"3":{"start":{"line":4,"column":4},"end":{"line":4,"column":null}}},"fnMap":{"0":{"name":"(anonymous_0)","decl":{"start":{"line":1,"column":0},"end":{"line":1,"column":12}},"loc":{"start":{"line":1,"column":18},"end":{"line":5,"column":1}}}},"branchMap":{"0":{"loc":{"start":{"line":1,"column":12},"end":{"line":1,"column":null}},"type":"binary-expr","locations":[{"start":{"line":1,"column":12},"end":{"line":1,"column":18}},{"start":{"line":1,"column":18},"end":{"line":1,"column":null}}]}},"s":{"0":1,"1":1,"2":1,"3":1},"f":{"0":1},"b":{"0":[1,1]}}
,"/Users/debrasnicolas/Documents/dev/N-8-DDD-1/src/enums/ERoles.ts": {"path":"/Users/debrasnicolas/Documents/dev/N-8-DDD-1/src/enums/ERoles.ts","statementMap":{"0":{"start":{"line":1,"column":0},"end":{"line":1,"column":null}},"1":{"start":{"line":3,"column":4},"end":{"line":3,"column":null}},"2":{"start":{"line":4,"column":4},"end":{"line":4,"column":null}},"3":{"start":{"line":7,"column":4},"end":{"line":7,"column":null}},"4":{"start":{"line":8,"column":4},"end":{"line":8,"column":null}},"5":{"start":{"line":9,"column":4},"end":{"line":9,"column":null}},"6":{"start":{"line":10,"column":4},"end":{"line":10,"column":null}},"7":{"start":{"line":11,"column":4},"end":{"line":11,"column":null}},"8":{"start":{"line":12,"column":4},"end":{"line":12,"column":null}},"9":{"start":{"line":13,"column":4},"end":{"line":13,"column":null}},"10":{"start":{"line":16,"column":4},"end":{"line":16,"column":null}}},"fnMap":{"0":{"name":"(anonymous_0)","decl":{"start":{"line":1,"column":0},"end":{"line":1,"column":12}},"loc":{"start":{"line":1,"column":18},"end":{"line":17,"column":1}}}},"branchMap":{"0":{"loc":{"start":{"line":1,"column":12},"end":{"line":1,"column":null}},"type":"binary-expr","locations":[{"start":{"line":1,"column":12},"end":{"line":1,"column":18}},{"start":{"line":1,"column":18},"end":{"line":1,"column":null}}]}},"s":{"0":1,"1":1,"2":1,"3":1,"4":1,"5":1,"6":1,"7":1,"8":1,"9":1,"10":1},"f":{"0":1},"b":{"0":[1,1]}}
,"/Users/debrasnicolas/Documents/dev/N-8-DDD-1/src/models/Player.ts": {"path":"/Users/debrasnicolas/Documents/dev/N-8-DDD-1/src/models/Player.ts","statementMap":{"0":{"start":{"line":7,"column":4},"end":{"line":7,"column":null}},"1":{"start":{"line":9,"column":4},"end":{"line":9,"column":null}},"2":{"start":{"line":12,"column":8},"end":{"line":12,"column":null}},"3":{"start":{"line":13,"column":8},"end":{"line":13,"column":null}},"4":{"start":{"line":14,"column":8},"end":{"line":14,"column":null}},"5":{"start":{"line":19,"column":28},"end":{"line":19,"column":70}},"6":{"start":{"line":20,"column":8},"end":{"line":20,"column":36}},"7":{"start":{"line":4,"column":0},"end":{"line":4,"column":13}}},"fnMap":{"0":{"name":"(anonymous_0)","decl":{"start":{"line":11,"column":4},"end":{"line":11,"column":16}},"loc":{"start":{"line":11,"column":55},"end":{"line":15,"column":5}}},"1":{"name":"(anonymous_1)","decl":{"start":{"line":18,"column":4},"end":{"line":18,"column":8}},"loc":{"start":{"line":18,"column":26},"end":{"line":21,"column":5}}}},"branchMap":{},"s":{"0":30,"1":30,"2":30,"3":30,"4":30,"5":3,"6":3,"7":1},"f":{"0":30,"1":3},"b":{}}
,"/Users/debrasnicolas/Documents/dev/N-8-DDD-1/src/models/Roles.ts": {"path":"/Users/debrasnicolas/Documents/dev/N-8-DDD-1/src/models/Roles.ts","statementMap":{"0":{"start":{"line":6,"column":4},"end":{"line":6,"column":28}},"1":{"start":{"line":9,"column":8},"end":{"line":9,"column":25}},"2":{"start":{"line":10,"column":8},"end":{"line":10,"column":39}},"3":{"start":{"line":3,"column":0},"end":{"line":3,"column":13}}},"fnMap":{"0":{"name":"(anonymous_0)","decl":{"start":{"line":8,"column":4},"end":{"line":8,"column":16}},"loc":{"start":{"line":8,"column":49},"end":{"line":11,"column":5}}}},"branchMap":{},"s":{"0":30,"1":30,"2":30,"3":1},"f":{"0":30},"b":{}}
,"/Users/debrasnicolas/Documents/dev/N-8-DDD-1/src/models/roles/Cupid.ts": {"path":"/Users/debrasnicolas/Documents/dev/N-8-DDD-1/src/models/roles/Cupid.ts","statementMap":{"0":{"start":{"line":4,"column":0},"end":{"line":4,"column":44}},"1":{"start":{"line":5,"column":0},"end":{"line":5,"column":48}},"2":{"start":{"line":7,"column":0},"end":{"line":7,"column":33}},"3":{"start":{"line":12,"column":8},"end":{"line":12,"column":40}},"4":{"start":{"line":10,"column":4},"end":{"line":10,"column":30}},"5":{"start":{"line":17,"column":8},"end":{"line":21,"column":34}},"6":{"start":{"line":18,"column":12},"end":{"line":18,"column":null}},"7":{"start":{"line":19,"column":12},"end":{"line":19,"column":null}},"8":{"start":{"line":20,"column":12},"end":{"line":20,"column":null}},"9":{"start":{"line":22,"column":12},"end":{"line":22,"column":null}},"10":{"start":{"line":23,"column":8},"end":{"line":23,"column":null}},"11":{"start":{"line":9,"column":0},"end":{"line":9,"column":13}}},"fnMap":{"0":{"name":"(anonymous_0)","decl":{"start":{"line":11,"column":4},"end":{"line":11,"column":null}},"loc":{"start":{"line":11,"column":4},"end":{"line":13,"column":5}}},"1":{"name":"(anonymous_1)","decl":{"start":{"line":15,"column":4},"end":{"line":15,"column":14}},"loc":{"start":{"line":15,"column":34},"end":{"line":24,"column":5}}}},"branchMap":{},"s":{"0":1,"1":1,"2":1,"3":3,"4":3,"5":3,"6":3,"7":3,"8":3,"9":3,"10":3,"11":1},"f":{"0":3,"1":3},"b":{}}
,"/Users/debrasnicolas/Documents/dev/N-8-DDD-1/src/models/roles/Guard.ts": {"path":"/Users/debrasnicolas/Documents/dev/N-8-DDD-1/src/models/roles/Guard.ts","statementMap":{"0":{"start":{"line":4,"column":0},"end":{"line":4,"column":44}},"1":{"start":{"line":5,"column":0},"end":{"line":5,"column":48}},"2":{"start":{"line":7,"column":0},"end":{"line":7,"column":33}},"3":{"start":{"line":13,"column":8},"end":{"line":13,"column":37}},"4":{"start":{"line":10,"column":4},"end":{"line":10,"column":40}},"5":{"start":{"line":17,"column":32},"end":{"line":17,"column":37}},"6":{"start":{"line":18,"column":41},"end":{"line":18,"column":45}},"7":{"start":{"line":19,"column":27},"end":{"line":19,"column":28}},"8":{"start":{"line":20,"column":8},"end":{"line":24,"column":27}},"9":{"start":{"line":21,"column":12},"end":{"line":21,"column":null}},"10":{"start":{"line":22,"column":12},"end":{"line":22,"column":null}},"11":{"start":{"line":23,"column":12},"end":{"line":23,"column":null}},"12":{"start":{"line":25,"column":8},"end":{"line":25,"column":40}},"13":{"start":{"line":26,"column":8},"end":{"line":26,"column":19}},"14":{"start":{"line":30,"column":8},"end":{"line":33,"column":9}},"15":{"start":{"line":31,"column":12},"end":{"line":31,"column":40}},"16":{"start":{"line":32,"column":12},"end":{"line":32,"column":24}},"17":{"start":{"line":34,"column":8},"end":{"line":34,"column":21}},"18":{"start":{"line":9,"column":0},"end":{"line":9,"column":13}}},"fnMap":{"0":{"name":"(anonymous_0)","decl":{"start":{"line":12,"column":4},"end":{"line":12,"column":null}},"loc":{"start":{"line":12,"column":4},"end":{"line":14,"column":5}}},"1":{"name":"(anonymous_1)","decl":{"start":{"line":16,"column":4},"end":{"line":16,"column":17}},"loc":{"start":{"line":16,"column":39},"end":{"line":27,"column":5}}},"2":{"name":"(anonymous_2)","decl":{"start":{"line":29,"column":4},"end":{"line":29,"column":24}},"loc":{"start":{"line":29,"column":39},"end":{"line":35,"column":5}}}},"branchMap":{"0":{"loc":{"start":{"line":30,"column":8},"end":{"line":33,"column":9}},"type":"if","locations":[{"start":{"line":30,"column":8},"end":{"line":33,"column":9}}]},"1":{"loc":{"start":{"line":30,"column":11},"end":{"line":30,"column":74}},"type":"binary-expr","locations":[{"start":{"line":30,"column":11},"end":{"line":30,"column":30}},{"start":{"line":30,"column":34},"end":{"line":30,"column":74}}]}},"s":{"0":1,"1":1,"2":1,"3":3,"4":3,"5":3,"6":3,"7":3,"8":3,"9":3,"10":3,"11":3,"12":3,"13":3,"14":3,"15":3,"16":3,"17":0,"18":1},"f":{"0":3,"1":3,"2":3},"b":{"0":[3],"1":[3,0]}}
,"/Users/debrasnicolas/Documents/dev/N-8-DDD-1/src/models/roles/Hunter.ts": {"path":"/Users/debrasnicolas/Documents/dev/N-8-DDD-1/src/models/roles/Hunter.ts","statementMap":{"0":{"start":{"line":4,"column":0},"end":{"line":4,"column":44}},"1":{"start":{"line":6,"column":0},"end":{"line":6,"column":33}},"2":{"start":{"line":10,"column":8},"end":{"line":10,"column":39}},"3":{"start":{"line":8,"column":0},"end":{"line":8,"column":13}}},"fnMap":{"0":{"name":"(anonymous_0)","decl":{"start":{"line":9,"column":4},"end":{"line":9,"column":null}},"loc":{"start":{"line":9,"column":4},"end":{"line":11,"column":5}}}},"branchMap":{},"s":{"0":1,"1":1,"2":3,"3":1},"f":{"0":3},"b":{}}
,"/Users/debrasnicolas/Documents/dev/N-8-DDD-1/src/models/roles/InfectWereWolf.ts": {"path":"/Users/debrasnicolas/Documents/dev/N-8-DDD-1/src/models/roles/InfectWereWolf.ts","statementMap":{"0":{"start":{"line":4,"column":0},"end":{"line":4,"column":44}},"1":{"start":{"line":5,"column":0},"end":{"line":5,"column":48}},"2":{"start":{"line":7,"column":0},"end":{"line":7,"column":33}},"3":{"start":{"line":14,"column":8},"end":{"line":14,"column":47}},"4":{"start":{"line":11,"column":4},"end":{"line":11,"column":35}},"5":{"start":{"line":18,"column":8},"end":{"line":18,"column":33}},"6":{"start":{"line":22,"column":27},"end":{"line":22,"column":61}},"7":{"start":{"line":23,"column":8},"end":{"line":28,"column":9}},"8":{"start":{"line":24,"column":12},"end":{"line":24,"column":37}},"9":{"start":{"line":25,"column":12},"end":{"line":25,"column":null}},"10":{"start":{"line":27,"column":12},"end":{"line":27,"column":null}},"11":{"start":{"line":9,"column":0},"end":{"line":9,"column":13}}},"fnMap":{"0":{"name":"(anonymous_0)","decl":{"start":{"line":13,"column":4},"end":{"line":13,"column":null}},"loc":{"start":{"line":13,"column":4},"end":{"line":15,"column":5}}},"1":{"name":"(anonymous_1)","decl":{"start":{"line":17,"column":4},"end":{"line":17,"column":19}},"loc":{"start":{"line":17,"column":19},"end":{"line":19,"column":5}}},"2":{"name":"(anonymous_2)","decl":{"start":{"line":21,"column":4},"end":{"line":21,"column":10}},"loc":{"start":{"line":21,"column":26},"end":{"line":29,"column":5}}}},"branchMap":{"0":{"loc":{"start":{"line":23,"column":8},"end":{"line":28,"column":9}},"type":"if","locations":[{"start":{"line":23,"column":8},"end":{"line":28,"column":9}},{"start":{"line":26,"column":13},"end":{"line":28,"column":9}}]}},"s":{"0":1,"1":1,"2":1,"3":3,"4":3,"5":0,"6":0,"7":0,"8":0,"9":0,"10":0,"11":1},"f":{"0":3,"1":0,"2":0},"b":{"0":[0,0]}}
,"/Users/debrasnicolas/Documents/dev/N-8-DDD-1/src/models/roles/LittleGirl.ts": {"path":"/Users/debrasnicolas/Documents/dev/N-8-DDD-1/src/models/roles/LittleGirl.ts","statementMap":{"0":{"start":{"line":4,"column":0},"end":{"line":4,"column":44}},"1":{"start":{"line":6,"column":0},"end":{"line":6,"column":33}},"2":{"start":{"line":10,"column":8},"end":{"line":10,"column":49}},"3":{"start":{"line":8,"column":0},"end":{"line":8,"column":13}}},"fnMap":{"0":{"name":"(anonymous_0)","decl":{"start":{"line":9,"column":4},"end":{"line":9,"column":null}},"loc":{"start":{"line":9,"column":4},"end":{"line":11,"column":5}}}},"branchMap":{},"s":{"0":1,"1":1,"2":3,"3":1},"f":{"0":3},"b":{}}
,"/Users/debrasnicolas/Documents/dev/N-8-DDD-1/src/models/roles/Seer.ts": {"path":"/Users/debrasnicolas/Documents/dev/N-8-DDD-1/src/models/roles/Seer.ts","statementMap":{"0":{"start":{"line":4,"column":0},"end":{"line":4,"column":44}},"1":{"start":{"line":5,"column":0},"end":{"line":5,"column":48}},"2":{"start":{"line":7,"column":0},"end":{"line":7,"column":33}},"3":{"start":{"line":12,"column":8},"end":{"line":12,"column":36}},"4":{"start":{"line":10,"column":4},"end":{"line":10,"column":34}},"5":{"start":{"line":17,"column":8},"end":{"line":19,"column":52}},"6":{"start":{"line":18,"column":12},"end":{"line":18,"column":null}},"7":{"start":{"line":20,"column":8},"end":{"line":20,"column":null}},"8":{"start":{"line":24,"column":8},"end":{"line":24,"column":28}},"9":{"start":{"line":25,"column":8},"end":{"line":25,"column":14}},"10":{"start":{"line":9,"column":0},"end":{"line":9,"column":13}}},"fnMap":{"0":{"name":"(anonymous_0)","decl":{"start":{"line":11,"column":4},"end":{"line":11,"column":null}},"loc":{"start":{"line":11,"column":4},"end":{"line":13,"column":5}}},"1":{"name":"(anonymous_1)","decl":{"start":{"line":15,"column":4},"end":{"line":15,"column":16}},"loc":{"start":{"line":15,"column":37},"end":{"line":21,"column":5}}},"2":{"name":"(anonymous_2)","decl":{"start":{"line":23,"column":4},"end":{"line":23,"column":11}},"loc":{"start":{"line":23,"column":24},"end":{"line":26,"column":5}}}},"branchMap":{"0":{"loc":{"start":{"line":19,"column":15},"end":{"line":19,"column":51}},"type":"binary-expr","locations":[{"start":{"line":19,"column":15},"end":{"line":19,"column":23}},{"start":{"line":19,"column":27},"end":{"line":19,"column":51}}]}},"s":{"0":1,"1":1,"2":1,"3":3,"4":3,"5":3,"6":3,"7":3,"8":3,"9":3,"10":1},"f":{"0":3,"1":3,"2":3},"b":{"0":[3,0]}}
,"/Users/debrasnicolas/Documents/dev/N-8-DDD-1/src/models/roles/SimpleVillager.ts": {"path":"/Users/debrasnicolas/Documents/dev/N-8-DDD-1/src/models/roles/SimpleVillager.ts","statementMap":{"0":{"start":{"line":5,"column":0},"end":{"line":5,"column":44}},"1":{"start":{"line":6,"column":0},"end":{"line":6,"column":33}},"2":{"start":{"line":10,"column":8},"end":{"line":10,"column":50}},"3":{"start":{"line":8,"column":0},"end":{"line":8,"column":13}}},"fnMap":{"0":{"name":"(anonymous_0)","decl":{"start":{"line":9,"column":4},"end":{"line":9,"column":null}},"loc":{"start":{"line":9,"column":4},"end":{"line":11,"column":5}}}},"branchMap":{},"s":{"0":1,"1":1,"2":6,"3":1},"f":{"0":6},"b":{}}
,"/Users/debrasnicolas/Documents/dev/N-8-DDD-1/src/models/roles/WhiteWereWolf.ts": {"path":"/Users/debrasnicolas/Documents/dev/N-8-DDD-1/src/models/roles/WhiteWereWolf.ts","statementMap":{"0":{"start":{"line":3,"column":0},"end":{"line":3,"column":44}},"1":{"start":{"line":4,"column":0},"end":{"line":4,"column":48}},"2":{"start":{"line":6,"column":0},"end":{"line":6,"column":33}},"3":{"start":{"line":11,"column":8},"end":{"line":11,"column":44}},"4":{"start":{"line":15,"column":21},"end":{"line":15,"column":43}},"5":{"start":{"line":16,"column":8},"end":{"line":16,"column":null}},"6":{"start":{"line":16,"column":23},"end":{"line":16,"column":null}},"7":{"start":{"line":17,"column":8},"end":{"line":19,"column":9}},"8":{"start":{"line":18,"column":12},"end":{"line":18,"column":null}},"9":{"start":{"line":20,"column":8},"end":{"line":20,"column":null}},"10":{"start":{"line":8,"column":0},"end":{"line":8,"column":13}}},"fnMap":{"0":{"name":"(anonymous_0)","decl":{"start":{"line":10,"column":4},"end":{"line":10,"column":null}},"loc":{"start":{"line":10,"column":4},"end":{"line":12,"column":5}}},"1":{"name":"(anonymous_1)","decl":{"start":{"line":14,"column":4},"end":{"line":14,"column":21}},"loc":{"start":{"line":14,"column":64},"end":{"line":21,"column":5}}}},"branchMap":{"0":{"loc":{"start":{"line":16,"column":8},"end":{"line":16,"column":null}},"type":"if","locations":[{"start":{"line":16,"column":8},"end":{"line":16,"column":null}}]},"1":{"loc":{"start":{"line":17,"column":8},"end":{"line":19,"column":9}},"type":"if","locations":[{"start":{"line":17,"column":8},"end":{"line":19,"column":9}}]}},"s":{"0":1,"1":1,"2":1,"3":3,"4":0,"5":0,"6":0,"7":0,"8":0,"9":0,"10":1},"f":{"0":3,"1":0},"b":{"0":[0],"1":[0]}}
,"/Users/debrasnicolas/Documents/dev/N-8-DDD-1/src/models/roles/Witch.ts": {"path":"/Users/debrasnicolas/Documents/dev/N-8-DDD-1/src/models/roles/Witch.ts","statementMap":{"0":{"start":{"line":4,"column":0},"end":{"line":4,"column":44}},"1":{"start":{"line":5,"column":0},"end":{"line":5,"column":48}},"2":{"start":{"line":7,"column":0},"end":{"line":7,"column":33}},"3":{"start":{"line":11,"column":8},"end":{"line":11,"column":37}},"4":{"start":{"line":14,"column":4},"end":{"line":14,"column":36}},"5":{"start":{"line":15,"column":4},"end":{"line":15,"column":35}},"6":{"start":{"line":18,"column":8},"end":{"line":18,"column":37}},"7":{"start":{"line":22,"column":8},"end":{"line":22,"column":36}},"8":{"start":{"line":26,"column":8},"end":{"line":26,"column":null}},"9":{"start":{"line":30,"column":19},"end":{"line":30,"column":21}},"10":{"start":{"line":31,"column":8},"end":{"line":31,"column":null}},"11":{"start":{"line":31,"column":43},"end":{"line":31,"column":null}},"12":{"start":{"line":32,"column":8},"end":{"line":32,"column":null}},"13":{"start":{"line":32,"column":32},"end":{"line":32,"column":null}},"14":{"start":{"line":33,"column":8},"end":{"line":48,"column":9}},"15":{"start":{"line":34,"column":12},"end":{"line":34,"column":null}},"16":{"start":{"line":35,"column":30},"end":{"line":35,"column":50}},"17":{"start":{"line":39,"column":12},"end":{"line":47,"column":13}},"18":{"start":{"line":40,"column":16},"end":{"line":40,"column":null}},"19":{"start":{"line":41,"column":16},"end":{"line":41,"column":null}},"20":{"start":{"line":42,"column":19},"end":{"line":47,"column":13}},"21":{"start":{"line":43,"column":25},"end":{"line":43,"column":97}},"22":{"start":{"line":43,"column":63},"end":{"line":43,"column":96}},"23":{"start":{"line":44,"column":29},"end":{"line":44,"column":47}},"24":{"start":{"line":45,"column":16},"end":{"line":45,"column":null}},"25":{"start":{"line":46,"column":16},"end":{"line":46,"column":null}},"26":{"start":{"line":49,"column":8},"end":{"line":49,"column":null}},"27":{"start":{"line":9,"column":0},"end":{"line":9,"column":13}}},"fnMap":{"0":{"name":"(anonymous_0)","decl":{"start":{"line":10,"column":4},"end":{"line":10,"column":null}},"loc":{"start":{"line":10,"column":4},"end":{"line":12,"column":5}}},"1":{"name":"(anonymous_1)","decl":{"start":{"line":17,"column":4},"end":{"line":17,"column":19}},"loc":{"start":{"line":17,"column":19},"end":{"line":19,"column":5}}},"2":{"name":"(anonymous_2)","decl":{"start":{"line":21,"column":4},"end":{"line":21,"column":18}},"loc":{"start":{"line":21,"column":18},"end":{"line":23,"column":5}}},"3":{"name":"(anonymous_3)","decl":{"start":{"line":25,"column":4},"end":{"line":25,"column":15}},"loc":{"start":{"line":25,"column":15},"end":{"line":27,"column":5}}},"4":{"name":"(anonymous_4)","decl":{"start":{"line":29,"column":4},"end":{"line":29,"column":14}},"loc":{"start":{"line":29,"column":49},"end":{"line":50,"column":5}}},"5":{"name":"(anonymous_5)","decl":{"start":{"line":43,"column":43},"end":{"line":43,"column":44}},"loc":{"start":{"line":43,"column":63},"end":{"line":43,"column":96}}}},"branchMap":{"0":{"loc":{"start":{"line":26,"column":15},"end":{"line":26,"column":58}},"type":"binary-expr","locations":[{"start":{"line":26,"column":15},"end":{"line":26,"column":35}},{"start":{"line":26,"column":39},"end":{"line":26,"column":58}}]},"1":{"loc":{"start":{"line":31,"column":8},"end":{"line":31,"column":null}},"type":"if","locations":[{"start":{"line":31,"column":8},"end":{"line":31,"column":null}}]},"2":{"loc":{"start":{"line":31,"column":11},"end":{"line":31,"column":41}},"type":"binary-expr","locations":[{"start":{"line":31,"column":11},"end":{"line":31,"column":17}},{"start":{"line":31,"column":21},"end":{"line":31,"column":41}}]},"3":{"loc":{"start":{"line":32,"column":8},"end":{"line":32,"column":null}},"type":"if","locations":[{"start":{"line":32,"column":8},"end":{"line":32,"column":null}}]},"4":{"loc":{"start":{"line":33,"column":8},"end":{"line":48,"column":9}},"type":"if","locations":[{"start":{"line":33,"column":8},"end":{"line":48,"column":9}}]},"5":{"loc":{"start":{"line":39,"column":12},"end":{"line":47,"column":13}},"type":"if","locations":[{"start":{"line":39,"column":12},"end":{"line":47,"column":13}},{"start":{"line":42,"column":19},"end":{"line":47,"column":13}}]},"6":{"loc":{"start":{"line":42,"column":19},"end":{"line":47,"column":13}},"type":"if","locations":[{"start":{"line":42,"column":19},"end":{"line":47,"column":13}}]}},"s":{"0":1,"1":1,"2":1,"3":3,"4":3,"5":3,"6":0,"7":3,"8":0,"9":3,"10":3,"11":0,"12":3,"13":3,"14":3,"15":3,"16":3,"17":3,"18":0,"19":0,"20":3,"21":3,"22":30,"23":3,"24":3,"25":3,"26":0,"27":1},"f":{"0":3,"1":0,"2":3,"3":0,"4":3,"5":30},"b":{"0":[0,0],"1":[0],"2":[3,0],"3":[3],"4":[3],"5":[0,3],"6":[3]}}
,"/Users/debrasnicolas/Documents/dev/N-8-DDD-1/src/test/utils.ts": {"path":"/Users/debrasnicolas/Documents/dev/N-8-DDD-1/src/test/utils.ts","statementMap":{"0":{"start":{"line":14,"column":0},"end":{"line":14,"column":16}},"1":{"start":{"line":1,"column":0},"end":{"line":1,"column":42}},"2":{"start":{"line":2,"column":0},"end":{"line":2,"column":46}},"3":{"start":{"line":3,"column":0},"end":{"line":3,"column":46}},"4":{"start":{"line":5,"column":0},"end":{"line":5,"column":41}},"5":{"start":{"line":6,"column":0},"end":{"line":6,"column":48}},"6":{"start":{"line":7,"column":0},"end":{"line":7,"column":44}},"7":{"start":{"line":8,"column":0},"end":{"line":8,"column":56}},"8":{"start":{"line":9,"column":0},"end":{"line":9,"column":64}},"9":{"start":{"line":10,"column":0},"end":{"line":10,"column":46}},"10":{"start":{"line":11,"column":0},"end":{"line":11,"column":64}},"11":{"start":{"line":12,"column":0},"end":{"line":12,"column":62}},"12":{"start":{"line":15,"column":4},"end":{"line":25,"column":null}}},"fnMap":{"0":{"name":"initializePlayers","decl":{"start":{"line":14,"column":16},"end":{"line":14,"column":33}},"loc":{"start":{"line":14,"column":33},"end":{"line":27,"column":1}}}},"branchMap":{},"s":{"0":1,"1":1,"2":1,"3":1,"4":1,"5":1,"6":1,"7":1,"8":1,"9":1,"10":1,"11":1,"12":3},"f":{"0":3},"b":{}}
,"/Users/debrasnicolas/Documents/dev/N-8-DDD-1/src/tools/tool.ts": {"path":"/Users/debrasnicolas/Documents/dev/N-8-DDD-1/src/tools/tool.ts","statementMap":{"0":{"start":{"line":4,"column":0},"end":{"line":4,"column":16}},"1":{"start":{"line":8,"column":0},"end":{"line":8,"column":16}},"2":{"start":{"line":12,"column":0},"end":{"line":12,"column":16}},"3":{"start":{"line":5,"column":4},"end":{"line":5,"column":53}},"4":{"start":{"line":5,"column":34},"end":{"line":5,"column":51}},"5":{"start":{"line":9,"column":4},"end":{"line":9,"column":13}},"6":{"start":{"line":13,"column":41},"end":{"line":13,"column":45}},"7":{"start":{"line":16,"column":49},"end":{"line":16,"column":51}},"8":{"start":{"line":17,"column":4},"end":{"line":23,"column":7}},"9":{"start":{"line":18,"column":8},"end":{"line":22,"column":9}},"10":{"start":{"line":19,"column":12},"end":{"line":19,"column":37}},"11":{"start":{"line":21,"column":12},"end":{"line":21,"column":39}},"12":{"start":{"line":25,"column":19},"end":{"line":25,"column":20}},"13":{"start":{"line":26,"column":4},"end":{"line":31,"column":5}},"14":{"start":{"line":27,"column":8},"end":{"line":30,"column":9}},"15":{"start":{"line":28,"column":12},"end":{"line":28,"column":45}},"16":{"start":{"line":29,"column":12},"end":{"line":29,"column":91}},"17":{"start":{"line":29,"column":55},"end":{"line":29,"column":81}},"18":{"start":{"line":32,"column":4},"end":{"line":32,"column":26}}},"fnMap":{"0":{"name":"findPlayerByRole","decl":{"start":{"line":4,"column":16},"end":{"line":4,"column":32}},"loc":{"start":{"line":4,"column":66},"end":{"line":6,"column":1}}},"1":{"name":"(anonymous_1)","decl":{"start":{"line":5,"column":29},"end":{"line":5,"column":30}},"loc":{"start":{"line":5,"column":34},"end":{"line":5,"column":51}}},"2":{"name":"chooseAnswer","decl":{"start":{"line":8,"column":16},"end":{"line":8,"column":28}},"loc":{"start":{"line":8,"column":58},"end":{"line":10,"column":1}}},"3":{"name":"selectVotePlayer","decl":{"start":{"line":12,"column":16},"end":{"line":12,"column":32}},"loc":{"start":{"line":12,"column":78},"end":{"line":33,"column":1}}},"4":{"name":"(anonymous_4)","decl":{"start":{"line":17,"column":25},"end":{"line":17,"column":26}},"loc":{"start":{"line":17,"column":44},"end":{"line":23,"column":5}}},"5":{"name":"(anonymous_5)","decl":{"start":{"line":29,"column":45},"end":{"line":29,"column":51}},"loc":{"start":{"line":29,"column":55},"end":{"line":29,"column":81}}}},"branchMap":{"0":{"loc":{"start":{"line":18,"column":8},"end":{"line":22,"column":9}},"type":"if","locations":[{"start":{"line":18,"column":8},"end":{"line":22,"column":9}},{"start":{"line":20,"column":15},"end":{"line":22,"column":9}}]},"1":{"loc":{"start":{"line":27,"column":8},"end":{"line":30,"column":9}},"type":"if","locations":[{"start":{"line":27,"column":8},"end":{"line":30,"column":9}}]},"2":{"loc":{"start":{"line":29,"column":30},"end":{"line":29,"column":90}},"type":"binary-expr","locations":[{"start":{"line":29,"column":30},"end":{"line":29,"column":82}},{"start":{"line":29,"column":86},"end":{"line":29,"column":90}}]}},"s":{"0":1,"1":1,"2":1,"3":14,"4":140,"5":0,"6":3,"7":3,"8":3,"9":3,"10":0,"11":3,"12":3,"13":3,"14":3,"15":3,"16":3,"17":14,"18":3},"f":{"0":14,"1":140,"2":0,"3":3,"4":3,"5":14},"b":{"0":[0,3],"1":[3],"2":[3,0]}}
,"/Users/debrasnicolas/Documents/dev/N-8-DDD-1/src/use_case/NightTurn.ts": {"path":"/Users/debrasnicolas/Documents/dev/N-8-DDD-1/src/use_case/NightTurn.ts","statementMap":{"0":{"start":{"line":1,"column":0},"end":{"line":1,"column":41}},"1":{"start":{"line":2,"column":0},"end":{"line":2,"column":41}},"2":{"start":{"line":4,"column":0},"end":{"line":4,"column":46}},"3":{"start":{"line":5,"column":0},"end":{"line":5,"column":64}},"4":{"start":{"line":6,"column":0},"end":{"line":6,"column":46}},"5":{"start":{"line":7,"column":0},"end":{"line":7,"column":46}},"6":{"start":{"line":8,"column":0},"end":{"line":8,"column":44}},"7":{"start":{"line":9,"column":0},"end":{"line":9,"column":63}},"8":{"start":{"line":10,"column":0},"end":{"line":10,"column":38}},"9":{"start":{"line":11,"column":0},"end":{"line":11,"column":62}},"10":{"start":{"line":14,"column":4},"end":{"line":14,"column":16}},"11":{"start":{"line":18,"column":8},"end":{"line":27,"column":9}},"12":{"start":{"line":19,"column":12},"end":{"line":19,"column":null}},"13":{"start":{"line":20,"column":24},"end":{"line":20,"column":69}},"14":{"start":{"line":21,"column":12},"end":{"line":26,"column":13}},"15":{"start":{"line":22,"column":16},"end":{"line":22,"column":null}},"16":{"start":{"line":23,"column":27},"end":{"line":23,"column":60}},"17":{"start":{"line":24,"column":16},"end":{"line":24,"column":null}},"18":{"start":{"line":25,"column":16},"end":{"line":25,"column":null}},"19":{"start":{"line":30,"column":8},"end":{"line":30,"column":null}},"20":{"start":{"line":31,"column":23},"end":{"line":31,"column":63}},"21":{"start":{"line":32,"column":8},"end":{"line":38,"column":9}},"22":{"start":{"line":33,"column":23},"end":{"line":33,"column":34}},"23":{"start":{"line":34,"column":12},"end":{"line":37,"column":13}},"24":{"start":{"line":35,"column":35},"end":{"line":35,"column":69}},"25":{"start":{"line":36,"column":16},"end":{"line":36,"column":null}},"26":{"start":{"line":42,"column":8},"end":{"line":42,"column":null}},"27":{"start":{"line":43,"column":41},"end":{"line":43,"column":45}},"28":{"start":{"line":44,"column":24},"end":{"line":44,"column":65}},"29":{"start":{"line":45,"column":8},"end":{"line":52,"column":9}},"30":{"start":{"line":46,"column":24},"end":{"line":46,"column":36}},"31":{"start":{"line":47,"column":12},"end":{"line":51,"column":13}},"32":{"start":{"line":48,"column":35},"end":{"line":48,"column":36}},"33":{"start":{"line":49,"column":16},"end":{"line":49,"column":null}},"34":{"start":{"line":50,"column":16},"end":{"line":50,"column":null}},"35":{"start":{"line":55,"column":8},"end":{"line":55,"column":null}},"36":{"start":{"line":56,"column":25},"end":{"line":56,"column":61}},"37":{"start":{"line":57,"column":30},"end":{"line":57,"column":82}},"38":{"start":{"line":57,"column":62},"end":{"line":57,"column":81}},"39":{"start":{"line":59,"column":8},"end":{"line":63,"column":9}},"40":{"start":{"line":60,"column":12},"end":{"line":60,"column":null}},"41":{"start":{"line":62,"column":12},"end":{"line":62,"column":null}},"42":{"start":{"line":66,"column":8},"end":{"line":66,"column":null}},"43":{"start":{"line":67,"column":8},"end":{"line":81,"column":9}},"44":{"start":{"line":68,"column":27},"end":{"line":68,"column":79}},"45":{"start":{"line":69,"column":12},"end":{"line":80,"column":13}},"46":{"start":{"line":70,"column":27},"end":{"line":70,"column":38}},"47":{"start":{"line":71,"column":16},"end":{"line":79,"column":17}},"48":{"start":{"line":72,"column":20},"end":{"line":78,"column":21}},"49":{"start":{"line":73,"column":39},"end":{"line":73,"column":67}},"50":{"start":{"line":74,"column":24},"end":{"line":77,"column":25}},"51":{"start":{"line":75,"column":28},"end":{"line":75,"column":null}},"52":{"start":{"line":76,"column":28},"end":{"line":76,"column":null}},"53":{"start":{"line":84,"column":8},"end":{"line":84,"column":null}},"54":{"start":{"line":85,"column":8},"end":{"line":99,"column":9}},"55":{"start":{"line":87,"column":26},"end":{"line":87,"column":77}},"56":{"start":{"line":88,"column":12},"end":{"line":98,"column":13}},"57":{"start":{"line":89,"column":28},"end":{"line":89,"column":40}},"58":{"start":{"line":90,"column":16},"end":{"line":97,"column":17}},"59":{"start":{"line":91,"column":35},"end":{"line":91,"column":79}},"60":{"start":{"line":92,"column":38},"end":{"line":92,"column":87}},"61":{"start":{"line":93,"column":20},"end":{"line":96,"column":21}},"62":{"start":{"line":94,"column":24},"end":{"line":94,"column":null}},"63":{"start":{"line":94,"column":72},"end":{"line":94,"column":104}},"64":{"start":{"line":95,"column":24},"end":{"line":95,"column":null}},"65":{"start":{"line":102,"column":8},"end":{"line":102,"column":null}},"66":{"start":{"line":103,"column":24},"end":{"line":103,"column":66}},"67":{"start":{"line":104,"column":8},"end":{"line":114,"column":9}},"68":{"start":{"line":105,"column":24},"end":{"line":105,"column":36}},"69":{"start":{"line":106,"column":12},"end":{"line":113,"column":13}},"70":{"start":{"line":107,"column":32},"end":{"line":107,"column":72}},"71":{"start":{"line":108,"column":16},"end":{"line":112,"column":17}},"72":{"start":{"line":109,"column":20},"end":{"line":109,"column":null}},"73":{"start":{"line":110,"column":22},"end":{"line":112,"column":17}},"74":{"start":{"line":111,"column":20},"end":{"line":111,"column":null}},"75":{"start":{"line":115,"column":8},"end":{"line":115,"column":null}},"76":{"start":{"line":115,"column":18},"end":{"line":115,"column":null}},"77":{"start":{"line":116,"column":8},"end":{"line":116,"column":null}},"78":{"start":{"line":118,"column":8},"end":{"line":118,"column":null}},"79":{"start":{"line":119,"column":8},"end":{"line":119,"column":null}},"80":{"start":{"line":13,"column":0},"end":{"line":13,"column":13}}},"fnMap":{"0":{"name":"(anonymous_0)","decl":{"start":{"line":13,"column":0},"end":{"line":13,"column":13}},"loc":{"start":{"line":13,"column":0},"end":{"line":121,"column":1}}},"1":{"name":"(anonymous_1)","decl":{"start":{"line":16,"column":4},"end":{"line":16,"column":14}},"loc":{"start":{"line":16,"column":34},"end":{"line":120,"column":5}}},"2":{"name":"(anonymous_2)","decl":{"start":{"line":57,"column":51},"end":{"line":57,"column":52}},"loc":{"start":{"line":57,"column":61},"end":{"line":57,"column":81}}},"3":{"name":"(anonymous_3)","decl":{"start":{"line":94,"column":59},"end":{"line":94,"column":60}},"loc":{"start":{"line":94,"column":70},"end":{"line":94,"column":104}}}},"branchMap":{"0":{"loc":{"start":{"line":18,"column":8},"end":{"line":27,"column":9}},"type":"if","locations":[{"start":{"line":18,"column":8},"end":{"line":27,"column":9}}]},"1":{"loc":{"start":{"line":21,"column":12},"end":{"line":26,"column":13}},"type":"if","locations":[{"start":{"line":21,"column":12},"end":{"line":26,"column":13}}]},"2":{"loc":{"start":{"line":32,"column":8},"end":{"line":38,"column":9}},"type":"if","locations":[{"start":{"line":32,"column":8},"end":{"line":38,"column":9}}]},"3":{"loc":{"start":{"line":34,"column":12},"end":{"line":37,"column":13}},"type":"if","locations":[{"start":{"line":34,"column":12},"end":{"line":37,"column":13}}]},"4":{"loc":{"start":{"line":45,"column":8},"end":{"line":52,"column":9}},"type":"if","locations":[{"start":{"line":45,"column":8},"end":{"line":52,"column":9}}]},"5":{"loc":{"start":{"line":47,"column":12},"end":{"line":51,"column":13}},"type":"if","locations":[{"start":{"line":47,"column":12},"end":{"line":51,"column":13}}]},"6":{"loc":{"start":{"line":59,"column":8},"end":{"line":63,"column":9}},"type":"if","locations":[{"start":{"line":59,"column":8},"end":{"line":63,"column":9}},{"start":{"line":61,"column":13},"end":{"line":63,"column":9}}]},"7":{"loc":{"start":{"line":67,"column":8},"end":{"line":81,"column":9}},"type":"if","locations":[{"start":{"line":67,"column":8},"end":{"line":81,"column":9}}]},"8":{"loc":{"start":{"line":69,"column":12},"end":{"line":80,"column":13}},"type":"if","locations":[{"start":{"line":69,"column":12},"end":{"line":80,"column":13}}]},"9":{"loc":{"start":{"line":71,"column":16},"end":{"line":79,"column":17}},"type":"if","locations":[{"start":{"line":71,"column":16},"end":{"line":79,"column":17}}]},"10":{"loc":{"start":{"line":72,"column":20},"end":{"line":78,"column":21}},"type":"if","locations":[{"start":{"line":72,"column":20},"end":{"line":78,"column":21}}]},"11":{"loc":{"start":{"line":74,"column":24},"end":{"line":77,"column":25}},"type":"if","locations":[{"start":{"line":74,"column":24},"end":{"line":77,"column":25}}]},"12":{"loc":{"start":{"line":85,"column":8},"end":{"line":99,"column":9}},"type":"if","locations":[{"start":{"line":85,"column":8},"end":{"line":99,"column":9}}]},"13":{"loc":{"start":{"line":88,"column":12},"end":{"line":98,"column":13}},"type":"if","locations":[{"start":{"line":88,"column":12},"end":{"line":98,"column":13}}]},"14":{"loc":{"start":{"line":90,"column":16},"end":{"line":97,"column":17}},"type":"if","locations":[{"start":{"line":90,"column":16},"end":{"line":97,"column":17}}]},"15":{"loc":{"start":{"line":93,"column":20},"end":{"line":96,"column":21}},"type":"if","locations":[{"start":{"line":93,"column":20},"end":{"line":96,"column":21}}]},"16":{"loc":{"start":{"line":104,"column":8},"end":{"line":114,"column":9}},"type":"if","locations":[{"start":{"line":104,"column":8},"end":{"line":114,"column":9}}]},"17":{"loc":{"start":{"line":106,"column":12},"end":{"line":113,"column":13}},"type":"if","locations":[{"start":{"line":106,"column":12},"end":{"line":113,"column":13}}]},"18":{"loc":{"start":{"line":108,"column":16},"end":{"line":112,"column":17}},"type":"if","locations":[{"start":{"line":108,"column":16},"end":{"line":112,"column":17}},{"start":{"line":110,"column":22},"end":{"line":112,"column":17}}]},"19":{"loc":{"start":{"line":110,"column":22},"end":{"line":112,"column":17}},"type":"if","locations":[{"start":{"line":110,"column":22},"end":{"line":112,"column":17}}]},"20":{"loc":{"start":{"line":115,"column":8},"end":{"line":115,"column":null}},"type":"if","locations":[{"start":{"line":115,"column":8},"end":{"line":115,"column":null}}]}},"s":{"0":1,"1":1,"2":1,"3":1,"4":1,"5":1,"6":1,"7":1,"8":1,"9":1,"10":3,"11":3,"12":3,"13":3,"14":3,"15":3,"16":3,"17":3,"18":3,"19":3,"20":3,"21":3,"22":3,"23":3,"24":3,"25":3,"26":3,"27":3,"28":3,"29":3,"30":3,"31":3,"32":3,"33":3,"34":3,"35":3,"36":3,"37":3,"38":30,"39":3,"40":0,"41":3,"42":3,"43":3,"44":0,"45":0,"46":0,"47":0,"48":0,"49":0,"50":0,"51":0,"52":0,"53":3,"54":3,"55":0,"56":0,"57":0,"58":0,"59":0,"60":0,"61":0,"62":0,"63":0,"64":0,"65":3,"66":3,"67":3,"68":3,"69":3,"70":3,"71":3,"72":0,"73":3,"74":3,"75":3,"76":0,"77":3,"78":3,"79":3,"80":1},"f":{"0":3,"1":3,"2":30,"3":0},"b":{"0":[3],"1":[3],"2":[3],"3":[3],"4":[3],"5":[3],"6":[0,3],"7":[0],"8":[0],"9":[0],"10":[0],"11":[0],"12":[0],"13":[0],"14":[0],"15":[0],"16":[3],"17":[3],"18":[0,3],"19":[3],"20":[0]}}
,"/Users/debrasnicolas/Documents/dev/N-8-DDD-1/src/use_case/WolfVote.ts": {"path":"/Users/debrasnicolas/Documents/dev/N-8-DDD-1/src/use_case/WolfVote.ts","statementMap":{"0":{"start":{"line":1,"column":0},"end":{"line":1,"column":41}},"1":{"start":{"line":3,"column":0},"end":{"line":3,"column":49}},"2":{"start":{"line":11,"column":8},"end":{"line":11,"column":35}},"3":{"start":{"line":12,"column":8},"end":{"line":12,"column":null}},"4":{"start":{"line":12,"column":51},"end":{"line":12,"column":82}},"5":{"start":{"line":17,"column":38},"end":{"line":17,"column":40}},"6":{"start":{"line":18,"column":45},"end":{"line":18,"column":49}},"7":{"start":{"line":21,"column":8},"end":{"line":23,"column":11}},"8":{"start":{"line":22,"column":12},"end":{"line":22,"column":null}},"9":{"start":{"line":25,"column":8},"end":{"line":25,"column":null}},"10":{"start":{"line":27,"column":8},"end":{"line":29,"column":9}},"11":{"start":{"line":28,"column":12},"end":{"line":28,"column":36}},"12":{"start":{"line":30,"column":8},"end":{"line":30,"column":null}},"13":{"start":{"line":5,"column":0},"end":{"line":5,"column":13}}},"fnMap":{"0":{"name":"(anonymous_0)","decl":{"start":{"line":10,"column":4},"end":{"line":10,"column":17}},"loc":{"start":{"line":10,"column":36},"end":{"line":13,"column":5}}},"1":{"name":"(anonymous_1)","decl":{"start":{"line":12,"column":38},"end":{"line":12,"column":39}},"loc":{"start":{"line":12,"column":51},"end":{"line":12,"column":82}}},"2":{"name":"(anonymous_2)","decl":{"start":{"line":15,"column":4},"end":{"line":15,"column":13}},"loc":{"start":{"line":15,"column":13},"end":{"line":31,"column":5}}},"3":{"name":"(anonymous_3)","decl":{"start":{"line":21,"column":27},"end":{"line":21,"column":28}},"loc":{"start":{"line":21,"column":46},"end":{"line":23,"column":9}}}},"branchMap":{"0":{"loc":{"start":{"line":27,"column":8},"end":{"line":29,"column":9}},"type":"if","locations":[{"start":{"line":27,"column":8},"end":{"line":29,"column":9}}]}},"s":{"0":1,"1":1,"2":3,"3":3,"4":30,"5":3,"6":3,"7":3,"8":3,"9":3,"10":3,"11":0,"12":3,"13":1},"f":{"0":3,"1":30,"2":3,"3":3},"b":{"0":[0]}}
}
