TN:
SF:src\enums\ECamps.ts
FN:1,(anonymous_0)
FNF:1
FNH:1
FNDA:1,(anonymous_0)
DA:1,1
DA:2,1
DA:3,1
DA:4,1
DA:5,1
LF:5
LH:5
BRDA:1,0,0,1
BRDA:1,0,1,1
BRF:2
BRH:2
end_of_record
TN:
SF:src\enums\ERoles.ts
FN:1,(anonymous_0)
FNF:1
FNH:1
FNDA:1,(anonymous_0)
DA:1,1
DA:3,1
DA:4,1
DA:7,1
DA:8,1
DA:9,1
DA:10,1
DA:11,1
DA:12,1
DA:13,1
DA:16,1
LF:11
LH:11
BRDA:1,0,0,1
BRDA:1,0,1,1
BRF:2
BRH:2
end_of_record
TN:
SF:src\models\Player.ts
FN:11,(anonymous_0)
FN:18,(anonymous_1)
FNF:2
FNH:2
FNDA:50,(anonymous_0)
FNDA:5,(anonymous_1)
DA:4,1
DA:7,50
DA:9,50
DA:12,50
DA:13,50
DA:14,50
DA:19,5
DA:20,5
LF:8
LH:8
BRF:0
BRH:0
end_of_record
TN:
SF:src\models\Roles.ts
FN:8,(anonymous_0)
FNF:1
FNH:1
FNDA:50,(anonymous_0)
DA:3,1
DA:6,50
DA:9,50
DA:10,50
LF:4
LH:4
BRF:0
BRH:0
end_of_record
TN:
SF:src\models\roles\Cupid.ts
FN:11,(anonymous_0)
FN:15,(anonymous_1)
FNF:2
FNH:2
FNDA:5,(anonymous_0)
FNDA:5,(anonymous_1)
DA:4,1
DA:5,1
DA:7,1
DA:9,1
DA:10,5
DA:12,5
DA:17,5
DA:18,5
DA:19,5
DA:21,5
DA:22,5
LF:11
LH:11
BRF:0
BRH:0
end_of_record
TN:
SF:src\models\roles\Guard.ts
FN:12,(anonymous_0)
FN:16,(anonymous_1)
FN:29,(anonymous_2)
FNF:3
FNH:3
FNDA:5,(anonymous_0)
FNDA:5,(anonymous_1)
FNDA:5,(anonymous_2)
DA:4,1
DA:5,1
DA:7,1
DA:9,1
DA:10,5
DA:13,5
DA:17,5
DA:18,5
DA:19,5
DA:20,5
DA:21,5
DA:22,5
DA:23,5
DA:25,5
DA:26,5
DA:30,5
DA:31,5
DA:32,5
DA:34,0
LF:19
LH:18
BRDA:30,0,0,5
BRDA:30,1,0,5
BRDA:30,1,1,0
BRF:3
BRH:2
end_of_record
TN:
SF:src\models\roles\Hunter.ts
FN:9,(anonymous_0)
FNF:1
FNH:1
FNDA:5,(anonymous_0)
DA:4,1
DA:6,1
DA:8,1
DA:10,5
LF:4
LH:4
BRF:0
BRH:0
end_of_record
TN:
SF:src\models\roles\InfectWereWolf.ts
FN:13,(anonymous_0)
FN:17,(anonymous_1)
FN:21,(anonymous_2)
FNF:3
FNH:3
FNDA:5,(anonymous_0)
FNDA:2,(anonymous_1)
FNDA:2,(anonymous_2)
DA:4,1
DA:5,1
DA:7,1
DA:9,1
DA:11,5
DA:14,5
DA:18,2
DA:22,2
DA:23,2
DA:24,2
DA:25,2
DA:26,2
DA:27,2
DA:29,0
LF:14
LH:13
BRDA:25,0,0,2
BRDA:25,0,1,0
BRF:2
BRH:1
end_of_record
TN:
SF:src\models\roles\LittleGirl.ts
FN:9,(anonymous_0)
FNF:1
FNH:1
FNDA:5,(anonymous_0)
DA:4,1
DA:6,1
DA:8,1
DA:10,5
LF:4
LH:4
BRF:0
BRH:0
end_of_record
TN:
SF:src\models\roles\Seer.ts
FN:11,(anonymous_0)
FN:15,(anonymous_1)
FN:23,(anonymous_2)
FNF:3
FNH:3
FNDA:5,(anonymous_0)
FNDA:5,(anonymous_1)
FNDA:5,(anonymous_2)
DA:4,1
DA:5,1
DA:7,1
DA:9,1
DA:10,5
DA:12,5
DA:17,5
DA:18,5
DA:20,5
DA:24,5
DA:25,5
LF:11
LH:11
BRDA:19,0,0,5
BRDA:19,0,1,0
BRF:2
BRH:1
end_of_record
TN:
SF:src\models\roles\SimpleVillager.ts
FN:9,(anonymous_0)
FNF:1
FNH:1
FNDA:10,(anonymous_0)
DA:5,1
DA:6,1
DA:8,1
DA:10,10
LF:4
LH:4
BRF:0
BRH:0
end_of_record
TN:
SF:src\models\roles\WhiteWereWolf.ts
FN:10,(anonymous_0)
FN:14,(anonymous_1)
FNF:2
FNH:1
FNDA:5,(anonymous_0)
FNDA:0,(anonymous_1)
DA:3,1
DA:4,1
DA:6,1
DA:8,1
DA:11,5
DA:15,0
DA:16,0
DA:17,0
DA:18,0
DA:20,0
LF:10
LH:5
BRDA:16,0,0,0
BRDA:17,1,0,0
BRF:2
BRH:0
end_of_record
TN:
SF:src\models\roles\Witch.ts
FN:10,(anonymous_0)
FN:17,(anonymous_1)
FN:21,(anonymous_2)
FN:25,(anonymous_3)
FN:29,(anonymous_4)
FN:43,(anonymous_5)
FNF:6
FNH:5
FNDA:5,(anonymous_0)
FNDA:1,(anonymous_1)
FNDA:4,(anonymous_2)
FNDA:0,(anonymous_3)
FNDA:5,(anonymous_4)
FNDA:40,(anonymous_5)
DA:4,1
DA:5,1
DA:7,1
DA:9,1
DA:11,5
DA:14,5
DA:15,5
DA:18,1
DA:22,4
DA:26,0
DA:30,5
DA:31,5
DA:32,5
DA:33,5
DA:34,5
DA:35,5
DA:39,5
DA:40,1
DA:41,1
DA:42,4
DA:43,40
DA:44,4
DA:45,4
DA:46,4
DA:49,0
LF:25
LH:23
BRDA:26,0,0,0
BRDA:26,0,1,0
BRDA:31,1,0,0
BRDA:31,2,0,5
BRDA:31,2,1,0
BRDA:32,3,0,5
BRDA:33,4,0,5
BRDA:39,5,0,1
BRDA:39,5,1,4
BRDA:42,6,0,4
BRF:10
BRH:6
end_of_record
TN:
SF:src\test\utils.ts
FN:14,initializePlayers
FNF:1
FNH:1
FNDA:5,initializePlayers
DA:1,1
DA:2,1
DA:3,1
DA:5,1
DA:6,1
DA:7,1
DA:8,1
DA:9,1
DA:10,1
DA:11,1
DA:12,1
DA:14,1
DA:15,5
LF:13
LH:13
BRF:0
BRH:0
end_of_record
TN:
SF:src\tools\tool.ts
FN:4,findPlayerByRole
FN:5,(anonymous_1)
FN:8,chooseAnswer
FN:12,selectVotePlayer
FN:17,(anonymous_4)
FN:29,(anonymous_5)
FNF:6
FNH:5
FNDA:28,findPlayerByRole
FNDA:280,(anonymous_1)
FNDA:0,chooseAnswer
FNDA:5,selectVotePlayer
FNDA:5,(anonymous_4)
FNDA:29,(anonymous_5)
DA:4,1
DA:5,280
DA:8,1
DA:9,0
DA:12,1
DA:13,5
DA:16,5
DA:17,5
DA:18,5
DA:19,0
DA:21,5
DA:25,5
DA:26,5
DA:27,5
DA:28,5
DA:29,29
DA:32,5
LF:17
LH:15
BRDA:18,0,0,0
BRDA:18,0,1,5
BRDA:27,1,0,5
BRDA:29,2,0,5
BRDA:29,2,1,0
BRF:5
BRH:3
end_of_record
TN:
SF:src\use_case\NightTurn.ts
FN:13,(anonymous_0)
FN:16,(anonymous_1)
FN:87,(anonymous_2)
FNF:3
FNH:2
FNDA:5,(anonymous_0)
FNDA:5,(anonymous_1)
FNDA:0,(anonymous_2)
DA:1,1
DA:2,1
DA:4,1
DA:5,1
DA:6,1
DA:7,1
DA:8,1
DA:9,1
DA:10,1
DA:11,1
DA:13,1
DA:14,5
DA:18,5
DA:19,5
DA:20,5
DA:21,5
DA:22,5
DA:23,5
DA:28,5
DA:29,5
DA:30,5
DA:31,5
DA:32,5
DA:33,5
DA:39,5
DA:40,5
DA:41,5
DA:42,5
DA:43,5
DA:44,5
DA:45,5
DA:46,5
DA:51,5
DA:52,5
DA:54,5
DA:55,0
DA:57,5
DA:61,5
DA:62,2
DA:63,2
DA:64,2
DA:65,2
DA:66,2
DA:67,2
DA:68,2
DA:69,2
DA:70,2
DA:78,5
DA:80,0
DA:81,0
DA:82,0
DA:83,0
DA:84,0
DA:85,0
DA:86,0
DA:87,0
DA:88,0
DA:95,5
DA:96,5
DA:97,5
DA:98,5
DA:99,5
DA:100,5
DA:101,1
DA:102,4
DA:103,2
DA:107,5
DA:108,5
DA:110,5
LF:69
LH:59
BRDA:18,0,0,5
BRDA:20,1,0,5
BRDA:29,2,0,5
BRDA:31,3,0,5
BRDA:41,4,0,5
BRDA:43,5,0,5
BRDA:54,6,0,0
BRDA:54,6,1,5
BRDA:61,7,0,2
BRDA:63,8,0,2
BRDA:65,9,0,2
BRDA:66,10,0,2
BRDA:68,11,0,2
BRDA:78,12,0,0
BRDA:81,13,0,0
BRDA:83,14,0,0
BRDA:86,15,0,0
BRDA:96,16,0,5
BRDA:98,17,0,5
BRDA:100,18,0,1
BRDA:100,18,1,4
BRDA:102,19,0,2
BRDA:107,20,0,0
BRF:23
BRH:17
end_of_record
TN:
SF:src\use_case\WolfVote.ts
FN:10,(anonymous_0)
FN:12,(anonymous_1)
FN:15,(anonymous_2)
FN:21,(anonymous_3)
FNF:4
FNH:4
FNDA:5,(anonymous_0)
FNDA:50,(anonymous_1)
FNDA:5,(anonymous_2)
FNDA:5,(anonymous_3)
DA:1,1
DA:3,1
DA:5,1
DA:11,5
DA:12,50
DA:17,5
DA:18,5
DA:21,5
DA:22,5
DA:25,5
DA:27,5
DA:28,0
DA:30,5
LF:13
LH:12
BRDA:27,0,0,0
BRF:1
BRH:0
end_of_record
